2022-11-14 06:59:46.000 [info] Validating found git in: git
2022-11-14 06:59:46.000 [info] Using git  from git
2022-11-14 06:59:46.000 [info] > git rev-parse --show-toplevel [80ms]
2022-11-14 06:59:46.218 [info] > git rev-parse --git-dir --git-common-dir [307ms]
2022-11-14 06:59:46.276 [info] Log level: Info
2022-11-14 06:59:46.276 [info] Open repository: /root
2022-11-14 06:59:46.614 [info] > git remote --verbose [303ms]
2022-11-14 06:59:46.620 [info] > git for-each-ref --sort -committerdate --format %(refname) %(objectname) %(*objectname) [325ms]
2022-11-14 06:59:46.736 [info] > git status -z -uall [417ms]
2022-11-14 06:59:46.754 [info] > git config --get commit.template [143ms]
2022-11-14 06:59:46.763 [info] > git rev-parse --show-toplevel [417ms]
2022-11-14 06:59:46.984 [info] > git rev-parse --git-dir --git-common-dir [203ms]
2022-11-14 06:59:47.004 [info] Log level: Info
2022-11-14 06:59:47.004 [info] Open repository: /root/holbertonschool-low_level_programming
2022-11-14 06:59:47.115 [info] > git status -z -uall [75ms]
2022-11-14 06:59:47.123 [info] > git remote --verbose [92ms]
2022-11-14 06:59:47.130 [info] > git for-each-ref --sort -committerdate --format %(refname) %(objectname) %(*objectname) [110ms]
2022-11-14 06:59:47.138 [info] > git for-each-ref --format=%(refname)%00%(upstream:short)%00%(objectname)%00%(upstream:track)%00%(upstream:remotename)%00%(upstream:remoteref) refs/heads/master refs/remotes/master [208ms]
2022-11-14 06:59:49.732 [info] > git status -z -uall [2266ms]
2022-11-14 06:59:49.734 [info] > git check-ignore -v -z --stdin [216ms]
2022-11-14 06:59:49.757 [info] > git remote --verbose [2295ms]
2022-11-14 06:59:49.761 [info] > git for-each-ref --sort -committerdate --format %(refname) %(objectname) %(*objectname) [2323ms]
2022-11-14 06:59:49.769 [info] > git config --get commit.template [2678ms]
2022-11-14 06:59:49.779 [info] > git rev-parse --show-toplevel [2718ms]
2022-11-14 06:59:49.965 [info] > git rev-parse --show-toplevel [167ms]
2022-11-14 06:59:49.990 [info] > git config --get commit.template [313ms]
2022-11-14 06:59:50.061 [info] > git rev-parse --show-toplevel [74ms]
2022-11-14 06:59:50.236 [info] > git rev-parse --show-toplevel [152ms]
2022-11-14 06:59:50.255 [info] > git for-each-ref --format=%(refname)%00%(upstream:short)%00%(objectname)%00%(upstream:track)%00%(upstream:remotename)%00%(upstream:remoteref) refs/heads/master refs/remotes/master [203ms]
2022-11-14 06:59:50.424 [info] > git check-ignore -v -z --stdin [323ms]
2022-11-14 06:59:50.428 [info] > git check-ignore -v -z --stdin [314ms]
2022-11-14 06:59:50.432 [info] > git status -z -uall [76ms]
2022-11-14 06:59:50.447 [info] > git rev-parse --show-toplevel [182ms]
2022-11-14 06:59:50.465 [info] > git for-each-ref --format=%(refname)%00%(upstream:short)%00%(objectname)%00%(upstream:track)%00%(upstream:remotename)%00%(upstream:remoteref) refs/heads/master refs/remotes/master [332ms]
2022-11-14 06:59:53.164 [info] > git rev-parse --show-toplevel [2694ms]
2022-11-14 06:59:53.196 [info] > git config --get commit.template [2801ms]
2022-11-14 06:59:53.203 [info] > git remote --verbose [2861ms]
2022-11-14 06:59:53.206 [info] > git for-each-ref --sort -committerdate --format %(refname) %(objectname) %(*objectname) [2876ms]
2022-11-14 06:59:53.406 [info] > git rev-parse --git-dir --git-common-dir [211ms]
2022-11-14 06:59:53.425 [info] Log level: Info
2022-11-14 06:59:53.425 [info] Open repository: /root/Betty
2022-11-14 06:59:53.558 [info] > git status -z -uall [79ms]
2022-11-14 06:59:53.567 [info] > git remote --verbose [116ms]
2022-11-14 06:59:53.570 [info] > git for-each-ref --sort -committerdate --format %(refname) %(objectname) %(*objectname) [131ms]
2022-11-14 06:59:53.574 [info] > git for-each-ref --format=%(refname)%00%(upstream:short)%00%(objectname)%00%(upstream:track)%00%(upstream:remotename)%00%(upstream:remoteref) refs/heads/master refs/remotes/master [213ms]
2022-11-14 06:59:53.845 [info] > git config --get commit.template [312ms]
2022-11-14 06:59:53.848 [info] > git rev-parse --show-toplevel [344ms]
2022-11-14 06:59:54.009 [info] > git rev-parse --show-toplevel [147ms]
2022-11-14 06:59:54.108 [info] > git rev-parse --git-dir --git-common-dir [83ms]
2022-11-14 06:59:54.128 [info] Log level: Info
2022-11-14 06:59:54.128 [info] Open repository: /root/holbertonschool-printf
2022-11-14 06:59:54.365 [info] > git status -z -uall [183ms]
2022-11-14 06:59:54.366 [info] > git check-ignore -v -z --stdin [109ms]
2022-11-14 06:59:54.368 [info] > git check-ignore -v -z --stdin [74ms]
2022-11-14 06:59:54.370 [info] > git check-ignore -v -z --stdin [47ms]
2022-11-14 06:59:54.375 [info] > git rev-parse --show-toplevel [166ms]
2022-11-14 06:59:54.393 [info] > git remote --verbose [238ms]
2022-11-14 06:59:54.395 [info] > git for-each-ref --sort -committerdate --format %(refname) %(objectname) %(*objectname) [252ms]
2022-11-14 06:59:54.397 [info] > git for-each-ref --format=%(refname)%00%(upstream:short)%00%(objectname)%00%(upstream:track)%00%(upstream:remotename)%00%(upstream:remoteref) refs/heads/master refs/remotes/master [312ms]
2022-11-14 06:59:54.569 [info] > git status -z -uall [107ms]
2022-11-14 06:59:54.575 [info] > git remote --verbose [133ms]
2022-11-14 06:59:54.583 [info] > git for-each-ref --sort -committerdate --format %(refname) %(objectname) %(*objectname) [150ms]
2022-11-14 06:59:54.586 [info] > git rev-parse --git-dir --git-common-dir [197ms]
2022-11-14 06:59:54.602 [info] Log level: Info
2022-11-14 06:59:54.602 [info] Open repository: /root/holbertonschool-shell
2022-11-14 06:59:54.668 [info] > git config --get commit.template [314ms]
2022-11-14 06:59:54.782 [info] > git remote --verbose [153ms]
2022-11-14 06:59:54.785 [info] > git for-each-ref --sort -committerdate --format %(refname) %(objectname) %(*objectname) [168ms]
2022-11-14 06:59:54.786 [info] > git config --get commit.template [225ms]
2022-11-14 06:59:54.840 [info] > git status -z -uall [194ms]
2022-11-14 06:59:54.850 [info] > git config --get commit.template [153ms]
2022-11-14 06:59:54.856 [info] > git rev-parse --show-toplevel [190ms]
2022-11-14 06:59:54.934 [info] > git for-each-ref --format=%(refname)%00%(upstream:short)%00%(objectname)%00%(upstream:track)%00%(upstream:remotename)%00%(upstream:remoteref) refs/heads/master refs/remotes/master [124ms]
2022-11-14 06:59:55.166 [info] > git status -z -uall [167ms]
2022-11-14 06:59:55.177 [info] > git for-each-ref --sort -committerdate --format %(refname) %(objectname) %(*objectname) [146ms]
2022-11-14 06:59:55.180 [info] > git remote --verbose [204ms]
2022-11-14 06:59:55.183 [info] > git for-each-ref --sort -committerdate --format %(refname) %(objectname) %(*objectname) [217ms]
2022-11-14 06:59:55.185 [info] > git for-each-ref --format=%(refname)%00%(upstream:short)%00%(objectname)%00%(upstream:track)%00%(upstream:remotename)%00%(upstream:remoteref) refs/heads/master refs/remotes/master [287ms]
2022-11-14 06:59:55.193 [info] > git rev-parse --git-dir --git-common-dir [318ms]
2022-11-14 06:59:55.206 [info] Log level: Info
2022-11-14 06:59:55.206 [info] Open repository: /root/holbertonschool-zero_day
2022-11-14 06:59:55.601 [info] > git status -z -uall [536ms]
2022-11-14 06:59:55.602 [info] > git status -z -uall [317ms]
2022-11-14 06:59:55.602 [info] > git show --textconv :singly_linked_lists/lists.h [291ms]
2022-11-14 06:59:55.602 [info] > git check-ignore -v -z --stdin [193ms]
2022-11-14 06:59:55.604 [info] > git check-ignore -v -z --stdin [143ms]
2022-11-14 06:59:55.610 [info] > git ls-files --stage -- /root/holbertonschool-low_level_programming/singly_linked_lists/lists.h [279ms]
2022-11-14 06:59:55.630 [info] > git remote --verbose [380ms]
2022-11-14 06:59:55.632 [info] > git for-each-ref --sort -committerdate --format %(refname) %(objectname) %(*objectname) [408ms]
2022-11-14 06:59:55.634 [info] > git config --get commit.template [507ms]
2022-11-14 06:59:55.635 [info] > git config --get commit.template [524ms]
2022-11-14 06:59:55.637 [info] > git for-each-ref --format=%(refname)%00%(upstream:short)%00%(objectname)%00%(upstream:track)%00%(upstream:remotename)%00%(upstream:remoteref) refs/heads/master refs/remotes/master [544ms]
2022-11-14 06:59:55.653 [info] > git remote --verbose [602ms]
2022-11-14 06:59:55.670 [info] > git check-ignore -v -z --stdin [186ms]
2022-11-14 06:59:55.672 [info] > git check-ignore -v -z --stdin [175ms]
2022-11-14 06:59:55.673 [info] > git check-ignore -v -z --stdin [147ms]
2022-11-14 06:59:55.678 [info] > git cat-file -s c0a9f8364b1248e2159b9e49b241c84e758b8fa8 [52ms]
2022-11-14 06:59:55.682 [info] > git config --get commit.template [134ms]
2022-11-14 06:59:55.815 [info] > git for-each-ref --format=%(refname)%00%(upstream:short)%00%(objectname)%00%(upstream:track)%00%(upstream:remotename)%00%(upstream:remoteref) refs/heads/master refs/remotes/master [74ms]
2022-11-14 06:59:55.844 [info] > git for-each-ref --format=%(refname)%00%(upstream:short)%00%(objectname)%00%(upstream:track)%00%(upstream:remotename)%00%(upstream:remoteref) refs/heads/master refs/remotes/master [76ms]
2022-11-14 06:59:58.048 [info] > git for-each-ref --format=%(refname)%00%(upstream:short)%00%(objectname)%00%(upstream:track)%00%(upstream:remotename)%00%(upstream:remoteref) refs/heads/master refs/remotes/master [2241ms]
2022-11-14 06:59:58.404 [info] > git check-ignore -v -z --stdin [265ms]
2022-11-14 06:59:58.407 [info] > git check-ignore -v -z --stdin [222ms]
2022-11-14 06:59:58.408 [info] > git check-ignore -v -z --stdin [201ms]
2022-11-14 06:59:58.409 [info] > git check-ignore -v -z --stdin [178ms]
2022-11-14 06:59:58.410 [info] > git check-ignore -v -z --stdin [163ms]
2022-11-14 06:59:58.411 [info] > git check-ignore -v -z --stdin [133ms]
2022-11-14 07:00:01.435 [info] > git remote --verbose [42ms]
2022-11-14 07:00:01.437 [info] > git for-each-ref --sort -committerdate --format %(refname) %(objectname) %(*objectname) [63ms]
2022-11-14 07:00:01.465 [info] > git config --get commit.template [41ms]
2022-11-14 07:00:01.496 [info] > git for-each-ref --format=%(refname)%00%(upstream:short)%00%(objectname)%00%(upstream:track)%00%(upstream:remotename)%00%(upstream:remoteref) refs/heads/master refs/remotes/master [35ms]
2022-11-14 07:00:01.619 [info] > git status -z -uall [219ms]
2022-11-14 07:00:09.662 [info] > git remote --verbose [40ms]
2022-11-14 07:00:09.664 [info] > git for-each-ref --sort -committerdate --format %(refname) %(objectname) %(*objectname) [54ms]
2022-11-14 07:00:09.686 [info] > git config --get commit.template [26ms]
2022-11-14 07:00:09.717 [info] > git for-each-ref --format=%(refname)%00%(upstream:short)%00%(objectname)%00%(upstream:track)%00%(upstream:remotename)%00%(upstream:remoteref) refs/heads/master refs/remotes/master [34ms]
2022-11-14 07:00:09.851 [info] > git status -z -uall [215ms]
2022-11-14 07:00:15.129 [info] > git for-each-ref --sort -committerdate --format %(refname) %(objectname) %(*objectname) [49ms]
2022-11-14 07:00:15.132 [info] > git remote --verbose [40ms]
2022-11-14 07:00:15.152 [info] > git config --get commit.template [26ms]
2022-11-14 07:00:15.184 [info] > git for-each-ref --format=%(refname)%00%(upstream:short)%00%(objectname)%00%(upstream:track)%00%(upstream:remotename)%00%(upstream:remoteref) refs/heads/master refs/remotes/master [33ms]
2022-11-14 07:00:15.325 [info] > git status -z -uall [221ms]
2022-11-14 07:00:20.567 [info] > git remote --verbose [41ms]
2022-11-14 07:00:20.569 [info] > git for-each-ref --sort -committerdate --format %(refname) %(objectname) %(*objectname) [59ms]
2022-11-14 07:00:20.589 [info] > git config --get commit.template [25ms]
2022-11-14 07:00:20.621 [info] > git for-each-ref --format=%(refname)%00%(upstream:short)%00%(objectname)%00%(upstream:track)%00%(upstream:remotename)%00%(upstream:remoteref) refs/heads/master refs/remotes/master [35ms]
2022-11-14 07:00:20.804 [info] > git status -z -uall [262ms]
2022-11-14 07:00:26.272 [info] > git for-each-ref --sort -committerdate --format %(refname) %(objectname) %(*objectname) [63ms]
2022-11-14 07:00:26.282 [info] > git config --get commit.template [33ms]
2022-11-14 07:00:26.284 [info] > git remote --verbose [82ms]
2022-11-14 07:00:26.349 [info] > git for-each-ref --format=%(refname)%00%(upstream:short)%00%(objectname)%00%(upstream:track)%00%(upstream:remotename)%00%(upstream:remoteref) refs/heads/master refs/remotes/master [39ms]
2022-11-14 07:00:26.444 [info] > git status -z -uall [225ms]
2022-11-14 07:00:29.952 [info] > git check-ignore -v -z --stdin [31ms]
2022-11-14 07:00:29.963 [info] > git check-ignore -v -z --stdin [27ms]
2022-11-14 07:00:31.771 [info] > git remote --verbose [40ms]
2022-11-14 07:00:31.774 [info] > git for-each-ref --sort -committerdate --format %(refname) %(objectname) %(*objectname) [87ms]
2022-11-14 07:00:31.781 [info] > git config --get commit.template [37ms]
2022-11-14 07:00:31.841 [info] > git for-each-ref --format=%(refname)%00%(upstream:short)%00%(objectname)%00%(upstream:track)%00%(upstream:remotename)%00%(upstream:remoteref) refs/heads/master refs/remotes/master [37ms]
2022-11-14 07:00:31.947 [info] > git status -z -uall [224ms]
2022-11-14 07:00:39.937 [info] > git for-each-ref --sort -committerdate --format %(refname) %(objectname) %(*objectname) [75ms]
2022-11-14 07:00:39.940 [info] > git remote --verbose [54ms]
2022-11-14 07:00:39.963 [info] > git config --get commit.template [29ms]
2022-11-14 07:00:39.995 [info] > git for-each-ref --format=%(refname)%00%(upstream:short)%00%(objectname)%00%(upstream:track)%00%(upstream:remotename)%00%(upstream:remoteref) refs/heads/master refs/remotes/master [35ms]
2022-11-14 07:00:40.130 [info] > git status -z -uall [219ms]
2022-11-14 07:00:45.381 [info] > git remote --verbose [36ms]
2022-11-14 07:00:45.382 [info] > git for-each-ref --sort -committerdate --format %(refname) %(objectname) %(*objectname) [56ms]
2022-11-14 07:00:45.404 [info] > git config --get commit.template [27ms]
2022-11-14 07:00:45.435 [info] > git for-each-ref --format=%(refname)%00%(upstream:short)%00%(objectname)%00%(upstream:track)%00%(upstream:remotename)%00%(upstream:remoteref) refs/heads/master refs/remotes/master [34ms]
2022-11-14 07:00:45.590 [info] > git status -z -uall [231ms]
2022-11-14 07:00:50.295 [info] > git check-ignore -v -z --stdin [37ms]
2022-11-14 07:00:50.840 [info] > git for-each-ref --sort -committerdate --format %(refname) %(objectname) %(*objectname) [65ms]
2022-11-14 07:00:50.844 [info] > git remote --verbose [50ms]
2022-11-14 07:00:50.869 [info] > git config --get commit.template [31ms]
2022-11-14 07:00:50.897 [info] > git for-each-ref --format=%(refname)%00%(upstream:short)%00%(objectname)%00%(upstream:track)%00%(upstream:remotename)%00%(upstream:remoteref) refs/heads/master refs/remotes/master [34ms]
2022-11-14 07:00:51.032 [info] > git status -z -uall [217ms]
2022-11-14 07:00:56.314 [info] > git remote --verbose [50ms]
2022-11-14 07:00:56.317 [info] > git for-each-ref --sort -committerdate --format %(refname) %(objectname) %(*objectname) [78ms]
2022-11-14 07:00:56.340 [info] > git config --get commit.template [28ms]
2022-11-14 07:00:56.370 [info] > git for-each-ref --format=%(refname)%00%(upstream:short)%00%(objectname)%00%(upstream:track)%00%(upstream:remotename)%00%(upstream:remoteref) refs/heads/master refs/remotes/master [34ms]
2022-11-14 07:00:56.508 [info] > git status -z -uall [217ms]
2022-11-14 07:01:01.750 [info] > git for-each-ref --sort -committerdate --format %(refname) %(objectname) %(*objectname) [66ms]
2022-11-14 07:01:01.753 [info] > git remote --verbose [51ms]
2022-11-14 07:01:01.775 [info] > git config --get commit.template [26ms]
2022-11-14 07:01:01.806 [info] > git for-each-ref --format=%(refname)%00%(upstream:short)%00%(objectname)%00%(upstream:track)%00%(upstream:remotename)%00%(upstream:remoteref) refs/heads/master refs/remotes/master [33ms]
2022-11-14 07:01:01.946 [info] > git status -z -uall [220ms]
2022-11-14 07:01:08.716 [info] > git for-each-ref --sort -committerdate --format %(refname) %(objectname) %(*objectname) [65ms]
2022-11-14 07:01:08.717 [info] > git remote --verbose [52ms]
2022-11-14 07:01:08.737 [info] > git config --get commit.template [25ms]
2022-11-14 07:01:08.770 [info] > git for-each-ref --format=%(refname)%00%(upstream:short)%00%(objectname)%00%(upstream:track)%00%(upstream:remotename)%00%(upstream:remoteref) refs/heads/master refs/remotes/master [34ms]
2022-11-14 07:01:08.903 [info] > git status -z -uall [222ms]
2022-11-14 07:01:11.464 [info] > git push -u origin master [888ms]
2022-11-14 07:01:11.465 [info] To https://github.com/AsiaGrpr/holbertonschool-shell
 ! [rejected]        master -> master (fetch first)
error: failed to push some refs to 'https://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@github.com/AsiaGrpr/holbertonschool-shell'
hint: Updates were rejected because the remote contains work that you do
hint: not have locally. This is usually caused by another repository pushing
hint: to the same ref. You may want to first integrate the remote changes
hint: (e.g., 'git pull ...') before pushing again.
hint: See the 'Note about fast-forwards' in 'git push --help' for details.
2022-11-14 07:01:14.147 [info] > git remote --verbose [40ms]
2022-11-14 07:01:14.148 [info] > git for-each-ref --sort -committerdate --format %(refname) %(objectname) %(*objectname) [58ms]
2022-11-14 07:01:14.168 [info] > git config --get commit.template [23ms]
2022-11-14 07:01:14.200 [info] > git for-each-ref --format=%(refname)%00%(upstream:short)%00%(objectname)%00%(upstream:track)%00%(upstream:remotename)%00%(upstream:remoteref) refs/heads/master refs/remotes/master [34ms]
2022-11-14 07:01:14.340 [info] > git status -z -uall [217ms]
2022-11-14 07:01:19.580 [info] > git remote --verbose [41ms]
2022-11-14 07:01:19.581 [info] > git for-each-ref --sort -committerdate --format %(refname) %(objectname) %(*objectname) [64ms]
2022-11-14 07:01:19.604 [info] > git config --get commit.template [27ms]
2022-11-14 07:01:19.637 [info] > git for-each-ref --format=%(refname)%00%(upstream:short)%00%(objectname)%00%(upstream:track)%00%(upstream:remotename)%00%(upstream:remoteref) refs/heads/master refs/remotes/master [34ms]
2022-11-14 07:01:19.774 [info] > git status -z -uall [217ms]
2022-11-14 07:01:25.562 [info] > git for-each-ref --sort -committerdate --format %(refname) %(objectname) %(*objectname) [70ms]
2022-11-14 07:01:25.565 [info] > git remote --verbose [43ms]
2022-11-14 07:01:25.588 [info] > git config --get commit.template [29ms]
2022-11-14 07:01:25.620 [info] > git for-each-ref --format=%(refname)%00%(upstream:short)%00%(objectname)%00%(upstream:track)%00%(upstream:remotename)%00%(upstream:remoteref) refs/heads/master refs/remotes/master [34ms]
2022-11-14 07:01:25.766 [info] > git status -z -uall [224ms]
2022-11-14 07:01:31.144 [info] > git remote --verbose [43ms]
2022-11-14 07:01:31.147 [info] > git for-each-ref --sort -committerdate --format %(refname) %(objectname) %(*objectname) [75ms]
2022-11-14 07:01:31.160 [info] > git config --get commit.template [35ms]
2022-11-14 07:01:31.218 [info] > git for-each-ref --format=%(refname)%00%(upstream:short)%00%(objectname)%00%(upstream:track)%00%(upstream:remotename)%00%(upstream:remoteref) refs/heads/master refs/remotes/master [35ms]
2022-11-14 07:01:31.317 [info] > git status -z -uall [216ms]
2022-11-14 07:01:37.445 [info] > git ls-files --stage -- /root/holbertonschool-low_level_programming/singly_linked_lists/lists.h [30ms]
2022-11-14 07:01:37.497 [info] > git cat-file -s c0a9f8364b1248e2159b9e49b241c84e758b8fa8 [31ms]
2022-11-14 07:01:37.573 [info] > git show --textconv :singly_linked_lists/lists.h [46ms]
2022-11-14 07:01:38.186 [info] > git for-each-ref --sort -committerdate --format %(refname) %(objectname) %(*objectname) [70ms]
2022-11-14 07:01:38.193 [info] > git config --get commit.template [26ms]
2022-11-14 07:01:38.195 [info] > git remote --verbose [82ms]
2022-11-14 07:01:38.252 [info] > git for-each-ref --format=%(refname)%00%(upstream:short)%00%(objectname)%00%(upstream:track)%00%(upstream:remotename)%00%(upstream:remoteref) refs/heads/master refs/remotes/master [35ms]
2022-11-14 07:01:38.351 [info] > git status -z -uall [218ms]
2022-11-14 07:01:43.761 [info] > git for-each-ref --sort -committerdate --format %(refname) %(objectname) %(*objectname) [122ms]
2022-11-14 07:01:43.805 [info] > git remote --verbose [207ms]
2022-11-14 07:01:43.827 [info] > git config --get commit.template [144ms]
2022-11-14 07:01:43.973 [info] > git status -z -uall [376ms]
2022-11-14 07:01:43.985 [info] > git for-each-ref --format=%(refname)%00%(upstream:short)%00%(objectname)%00%(upstream:track)%00%(upstream:remotename)%00%(upstream:remoteref) refs/heads/master refs/remotes/master [105ms]
2022-11-14 07:01:49.385 [info] > git for-each-ref --sort -committerdate --format %(refname) %(objectname) %(*objectname) [84ms]
2022-11-14 07:01:49.394 [info] > git config --get commit.template [31ms]
2022-11-14 07:01:49.397 [info] > git remote --verbose [85ms]
2022-11-14 07:01:49.465 [info] > git for-each-ref --format=%(refname)%00%(upstream:short)%00%(objectname)%00%(upstream:track)%00%(upstream:remotename)%00%(upstream:remoteref) refs/heads/master refs/remotes/master [34ms]
2022-11-14 07:01:49.588 [info] > git status -z -uall [255ms]
2022-11-14 07:01:54.856 [info] > git for-each-ref --sort -committerdate --format %(refname) %(objectname) %(*objectname) [81ms]
2022-11-14 07:01:54.859 [info] > git remote --verbose [60ms]
2022-11-14 07:01:54.888 [info] > git config --get commit.template [34ms]
2022-11-14 07:01:54.922 [info] > git for-each-ref --format=%(refname)%00%(upstream:short)%00%(objectname)%00%(upstream:track)%00%(upstream:remotename)%00%(upstream:remoteref) refs/heads/master refs/remotes/master [38ms]
2022-11-14 07:01:55.066 [info] > git status -z -uall [235ms]
2022-11-14 07:02:00.293 [info] > git remote --verbose [40ms]
2022-11-14 07:02:00.294 [info] > git for-each-ref --sort -committerdate --format %(refname) %(objectname) %(*objectname) [57ms]
2022-11-14 07:02:00.315 [info] > git config --get commit.template [25ms]
2022-11-14 07:02:00.348 [info] > git for-each-ref --format=%(refname)%00%(upstream:short)%00%(objectname)%00%(upstream:track)%00%(upstream:remotename)%00%(upstream:remoteref) refs/heads/master refs/remotes/master [34ms]
2022-11-14 07:02:00.487 [info] > git status -z -uall [218ms]
2022-11-14 07:02:05.700 [info] > git remote --verbose [42ms]
2022-11-14 07:02:05.702 [info] > git for-each-ref --sort -committerdate --format %(refname) %(objectname) %(*objectname) [62ms]
2022-11-14 07:02:05.726 [info] > git config --get commit.template [35ms]
2022-11-14 07:02:05.758 [info] > git for-each-ref --format=%(refname)%00%(upstream:short)%00%(objectname)%00%(upstream:track)%00%(upstream:remotename)%00%(upstream:remoteref) refs/heads/master refs/remotes/master [34ms]
2022-11-14 07:02:05.885 [info] > git status -z -uall [216ms]
