2022-11-14 06:45:20.829 [info] Validating found git in: git
2022-11-14 06:45:20.829 [info] Using git 2.25.1 from git
2022-11-14 06:45:20.830 [info] > git rev-parse --show-toplevel [85ms]
2022-11-14 06:45:21.028 [info] > git rev-parse --git-dir --git-common-dir [206ms]
2022-11-14 06:45:21.075 [info] Log level: Info
2022-11-14 06:45:21.075 [info] Open repository: /root
2022-11-14 06:45:21.200 [info] > git remote --verbose [92ms]
2022-11-14 06:45:21.211 [info] > git for-each-ref --sort -committerdate --format %(refname) %(objectname) %(*objectname) [116ms]
2022-11-14 06:45:21.270 [info] > git config --get commit.template [71ms]
2022-11-14 06:45:21.278 [info] > git rev-parse --show-toplevel [129ms]
2022-11-14 06:45:21.335 [info] > git rev-parse --show-toplevel [36ms]
2022-11-14 06:45:21.372 [info] > git for-each-ref --format=%(refname)%00%(upstream:short)%00%(objectname)%00%(upstream:track)%00%(upstream:remotename)%00%(upstream:remoteref) refs/heads/master refs/remotes/master [40ms]
2022-11-14 06:45:21.397 [info] > git status -z -uall [280ms]
2022-11-14 06:45:21.409 [info] > git rev-parse --show-toplevel [49ms]
2022-11-14 06:45:23.793 [info] > git status -z -uall [1938ms]
2022-11-14 06:45:23.793 [info] > git check-ignore -v -z --stdin [1907ms]
2022-11-14 06:45:23.813 [info] > git remote --verbose [1961ms]
2022-11-14 06:45:23.820 [info] > git for-each-ref --sort -committerdate --format %(refname) %(objectname) %(*objectname) [1987ms]
2022-11-14 06:45:23.825 [info] > git rev-parse --show-toplevel [2400ms]
2022-11-14 06:45:24.072 [info] > git rev-parse --show-toplevel [173ms]
2022-11-14 06:45:24.165 [info] > git config --get commit.template [427ms]
2022-11-14 06:45:24.398 [info] > git rev-parse --show-toplevel [274ms]
2022-11-14 06:45:24.478 [info] > git for-each-ref --format=%(refname)%00%(upstream:short)%00%(objectname)%00%(upstream:track)%00%(upstream:remotename)%00%(upstream:remoteref) refs/heads/master refs/remotes/master [50ms]
2022-11-14 06:45:24.675 [info] > git rev-parse --git-dir --git-common-dir [235ms]
2022-11-14 06:45:24.707 [info] Log level: Info
2022-11-14 06:45:24.707 [info] Open repository: /root/Betty
2022-11-14 06:45:26.787 [info] > git status -z -uall [2041ms]
2022-11-14 06:45:26.787 [info] > git check-ignore -v -z --stdin [2008ms]
2022-11-14 06:45:26.806 [info] > git rev-parse --show-toplevel [2039ms]
2022-11-14 06:45:26.825 [info] > git remote --verbose [2090ms]
2022-11-14 06:45:26.830 [info] > git for-each-ref --sort -committerdate --format %(refname) %(objectname) %(*objectname) [2106ms]
2022-11-14 06:45:26.872 [info] > git rev-parse --show-toplevel [48ms]
2022-11-14 06:45:26.903 [info] > git config --get commit.template [293ms]
2022-11-14 06:45:26.937 [info] > git rev-parse --git-dir --git-common-dir [44ms]
2022-11-14 06:45:26.955 [info] Log level: Info
2022-11-14 06:45:26.956 [info] Open repository: /root/holbertonschool-low_level_programming
2022-11-14 06:45:27.041 [info] > git for-each-ref --format=%(refname)%00%(upstream:short)%00%(objectname)%00%(upstream:track)%00%(upstream:remotename)%00%(upstream:remoteref) refs/heads/master refs/remotes/master [113ms]
2022-11-14 06:45:27.203 [info] > git status -z -uall [218ms]
2022-11-14 06:45:27.204 [info] > git status -z -uall [107ms]
2022-11-14 06:45:27.209 [info] > git config --get commit.template [168ms]
2022-11-14 06:45:27.211 [info] > git rev-parse --show-toplevel [209ms]
2022-11-14 06:45:27.229 [info] > git for-each-ref --sort -committerdate --format %(refname) %(objectname) %(*objectname) [262ms]
2022-11-14 06:45:27.232 [info] > git remote --verbose [254ms]
2022-11-14 06:45:27.240 [info] > git config --get commit.template [101ms]
2022-11-14 06:45:27.243 [info] > git for-each-ref --sort -committerdate --format %(refname) %(objectname) %(*objectname) [167ms]
2022-11-14 06:45:27.246 [info] > git remote --verbose [160ms]
2022-11-14 06:45:27.276 [info] > git rev-parse --git-dir --git-common-dir [51ms]
2022-11-14 06:45:27.295 [info] Log level: Info
2022-11-14 06:45:27.295 [info] Open repository: /root/holbertonschool-printf
2022-11-14 06:45:27.388 [info] > git status -z -uall [61ms]
2022-11-14 06:45:27.392 [info] > git remote --verbose [71ms]
2022-11-14 06:45:27.396 [info] > git for-each-ref --sort -committerdate --format %(refname) %(objectname) %(*objectname) [85ms]
2022-11-14 06:45:27.403 [info] > git for-each-ref --format=%(refname)%00%(upstream:short)%00%(objectname)%00%(upstream:track)%00%(upstream:remotename)%00%(upstream:remoteref) refs/heads/master refs/remotes/master [126ms]
2022-11-14 06:45:27.416 [info] > git for-each-ref --format=%(refname)%00%(upstream:short)%00%(objectname)%00%(upstream:track)%00%(upstream:remotename)%00%(upstream:remoteref) refs/heads/master refs/remotes/master [155ms]
2022-11-14 06:45:27.548 [info] > git status -z -uall [70ms]
2022-11-14 06:45:27.554 [info] > git config --get commit.template [178ms]
2022-11-14 06:45:27.557 [info] > git rev-parse --show-toplevel [204ms]
2022-11-14 06:45:27.699 [info] > git rev-parse --git-dir --git-common-dir [128ms]
2022-11-14 06:45:27.712 [info] Log level: Info
2022-11-14 06:45:27.712 [info] Open repository: /root/holbertonschool-shell
2022-11-14 06:45:27.775 [info] > git config --get commit.template [271ms]
2022-11-14 06:45:27.779 [info] > git remote --verbose [316ms]
2022-11-14 06:45:27.785 [info] > git for-each-ref --sort -committerdate --format %(refname) %(objectname) %(*objectname) [329ms]
2022-11-14 06:45:27.827 [info] > git status -z -uall [75ms]
2022-11-14 06:45:27.829 [info] > git remote --verbose [92ms]
2022-11-14 06:45:27.832 [info] > git for-each-ref --sort -committerdate --format %(refname) %(objectname) %(*objectname) [105ms]
2022-11-14 06:45:27.905 [info] > git rev-parse --show-toplevel [131ms]
2022-11-14 06:45:27.934 [info] > git for-each-ref --format=%(refname)%00%(upstream:short)%00%(objectname)%00%(upstream:track)%00%(upstream:remotename)%00%(upstream:remoteref) refs/heads/master refs/remotes/master [82ms]
2022-11-14 06:45:27.957 [info] > git for-each-ref --format=%(refname)%00%(upstream:short)%00%(objectname)%00%(upstream:track)%00%(upstream:remotename)%00%(upstream:remoteref) refs/heads/master refs/remotes/master [147ms]
2022-11-14 06:45:27.974 [info] > git config --get commit.template [152ms]
2022-11-14 06:45:27.997 [info] > git rev-parse --git-dir --git-common-dir [76ms]
2022-11-14 06:45:28.010 [info] Log level: Info
2022-11-14 06:45:28.010 [info] Open repository: /root/holbertonschool-zero_day
2022-11-14 06:45:28.203 [info] > git status -z -uall [159ms]
2022-11-14 06:45:28.208 [info] > git remote --verbose [172ms]
2022-11-14 06:45:28.210 [info] > git for-each-ref --sort -committerdate --format %(refname) %(objectname) %(*objectname) [189ms]
2022-11-14 06:45:28.214 [info] > git for-each-ref --format=%(refname)%00%(upstream:short)%00%(objectname)%00%(upstream:track)%00%(upstream:remotename)%00%(upstream:remoteref) refs/heads/master refs/remotes/master [221ms]
2022-11-14 06:45:28.418 [info] > git config --get commit.template [232ms]
2022-11-14 06:45:28.458 [info] > git config --get commit.template [156ms]
2022-11-14 06:45:28.460 [info] > git remote --verbose [196ms]
2022-11-14 06:45:28.462 [info] > git for-each-ref --sort -committerdate --format %(refname) %(objectname) %(*objectname) [209ms]
2022-11-14 06:45:28.538 [info] > git status -z -uall [260ms]
2022-11-14 06:45:28.573 [info] > git for-each-ref --format=%(refname)%00%(upstream:short)%00%(objectname)%00%(upstream:track)%00%(upstream:remotename)%00%(upstream:remoteref) refs/heads/master refs/remotes/master [87ms]
2022-11-14 06:45:28.599 [info] > git for-each-ref --format=%(refname)%00%(upstream:short)%00%(objectname)%00%(upstream:track)%00%(upstream:remotename)%00%(upstream:remoteref) refs/heads/master refs/remotes/master [96ms]
2022-11-14 06:45:30.403 [info] > git check-ignore -v -z --stdin [1681ms]
2022-11-14 06:45:30.406 [info] > git check-ignore -v -z --stdin [1670ms]
2022-11-14 06:45:30.408 [info] > git check-ignore -v -z --stdin [1661ms]
2022-11-14 06:45:30.410 [info] > git check-ignore -v -z --stdin [1649ms]
2022-11-14 06:45:30.412 [info] > git check-ignore -v -z --stdin [1638ms]
2022-11-14 06:45:30.414 [info] > git check-ignore -v -z --stdin [1626ms]
2022-11-14 06:45:30.917 [info] > git check-ignore -v -z --stdin [29ms]
2022-11-14 06:45:33.754 [info] > git remote --verbose [32ms]
2022-11-14 06:45:33.756 [info] > git for-each-ref --sort -committerdate --format %(refname) %(objectname) %(*objectname) [49ms]
2022-11-14 06:45:33.775 [info] > git config --get commit.template [27ms]
2022-11-14 06:45:33.806 [info] > git for-each-ref --format=%(refname)%00%(upstream:short)%00%(objectname)%00%(upstream:track)%00%(upstream:remotename)%00%(upstream:remoteref) refs/heads/master refs/remotes/master [34ms]
2022-11-14 06:45:33.947 [info] > git status -z -uall [218ms]
2022-11-14 06:45:39.143 [info] > git for-each-ref --sort -committerdate --format %(refname) %(objectname) %(*objectname) [49ms]
2022-11-14 06:45:39.145 [info] > git remote --verbose [41ms]
2022-11-14 06:45:39.165 [info] > git config --get commit.template [25ms]
2022-11-14 06:45:39.194 [info] > git for-each-ref --format=%(refname)%00%(upstream:short)%00%(objectname)%00%(upstream:track)%00%(upstream:remotename)%00%(upstream:remoteref) refs/heads/master refs/remotes/master [36ms]
2022-11-14 06:45:39.342 [info] > git status -z -uall [224ms]
2022-11-14 06:45:44.502 [info] > git for-each-ref --sort -committerdate --format %(refname) %(objectname) %(*objectname) [43ms]
2022-11-14 06:45:44.504 [info] > git remote --verbose [35ms]
2022-11-14 06:45:44.529 [info] > git config --get commit.template [31ms]
2022-11-14 06:45:44.559 [info] > git for-each-ref --format=%(refname)%00%(upstream:short)%00%(objectname)%00%(upstream:track)%00%(upstream:remotename)%00%(upstream:remoteref) refs/heads/master refs/remotes/master [34ms]
2022-11-14 06:45:44.709 [info] > git status -z -uall [227ms]
2022-11-14 06:45:49.882 [info] > git remote --verbose [39ms]
2022-11-14 06:45:49.884 [info] > git for-each-ref --sort -committerdate --format %(refname) %(objectname) %(*objectname) [56ms]
2022-11-14 06:45:49.904 [info] > git config --get commit.template [25ms]
2022-11-14 06:45:49.935 [info] > git for-each-ref --format=%(refname)%00%(upstream:short)%00%(objectname)%00%(upstream:track)%00%(upstream:remotename)%00%(upstream:remoteref) refs/heads/master refs/remotes/master [37ms]
2022-11-14 06:45:50.084 [info] > git status -z -uall [221ms]
2022-11-14 06:45:55.335 [info] > git for-each-ref --sort -committerdate --format %(refname) %(objectname) %(*objectname) [71ms]
2022-11-14 06:45:55.339 [info] > git remote --verbose [64ms]
2022-11-14 06:45:55.361 [info] > git config --get commit.template [41ms]
2022-11-14 06:45:55.391 [info] > git for-each-ref --format=%(refname)%00%(upstream:short)%00%(objectname)%00%(upstream:track)%00%(upstream:remotename)%00%(upstream:remoteref) refs/heads/master refs/remotes/master [35ms]
2022-11-14 06:45:55.516 [info] > git status -z -uall [215ms]
2022-11-14 06:46:00.720 [info] > git for-each-ref --sort -committerdate --format %(refname) %(objectname) %(*objectname) [48ms]
2022-11-14 06:46:00.738 [info] > git remote --verbose [51ms]
2022-11-14 06:46:00.777 [info] > git config --get commit.template [40ms]
2022-11-14 06:46:00.794 [info] > git for-each-ref --format=%(refname)%00%(upstream:short)%00%(objectname)%00%(upstream:track)%00%(upstream:remotename)%00%(upstream:remoteref) refs/heads/master refs/remotes/master [35ms]
2022-11-14 06:46:00.938 [info] > git status -z -uall [224ms]
2022-11-14 06:46:06.174 [info] > git for-each-ref --sort -committerdate --format %(refname) %(objectname) %(*objectname) [50ms]
2022-11-14 06:46:06.175 [info] > git remote --verbose [43ms]
2022-11-14 06:46:06.201 [info] > git config --get commit.template [27ms]
2022-11-14 06:46:06.225 [info] > git for-each-ref --format=%(refname)%00%(upstream:short)%00%(objectname)%00%(upstream:track)%00%(upstream:remotename)%00%(upstream:remoteref) refs/heads/master refs/remotes/master [34ms]
2022-11-14 06:46:06.366 [info] > git status -z -uall [219ms]
2022-11-14 06:46:11.588 [info] > git remote --verbose [40ms]
2022-11-14 06:46:11.590 [info] > git for-each-ref --sort -committerdate --format %(refname) %(objectname) %(*objectname) [58ms]
2022-11-14 06:46:11.606 [info] > git config --get commit.template [25ms]
2022-11-14 06:46:11.638 [info] > git for-each-ref --format=%(refname)%00%(upstream:short)%00%(objectname)%00%(upstream:track)%00%(upstream:remotename)%00%(upstream:remoteref) refs/heads/master refs/remotes/master [35ms]
2022-11-14 06:46:11.773 [info] > git status -z -uall [215ms]
2022-11-14 06:46:16.982 [info] > git for-each-ref --sort -committerdate --format %(refname) %(objectname) %(*objectname) [57ms]
2022-11-14 06:46:16.984 [info] > git remote --verbose [46ms]
2022-11-14 06:46:17.008 [info] > git config --get commit.template [36ms]
2022-11-14 06:46:17.038 [info] > git for-each-ref --format=%(refname)%00%(upstream:short)%00%(objectname)%00%(upstream:track)%00%(upstream:remotename)%00%(upstream:remoteref) refs/heads/master refs/remotes/master [33ms]
2022-11-14 06:46:17.175 [info] > git status -z -uall [222ms]
2022-11-14 06:46:22.630 [info] > git remote --verbose [61ms]
2022-11-14 06:46:22.635 [info] > git for-each-ref --sort -committerdate --format %(refname) %(objectname) %(*objectname) [113ms]
2022-11-14 06:46:22.648 [info] > git config --get commit.template [61ms]
2022-11-14 06:46:22.783 [info] > git for-each-ref --format=%(refname)%00%(upstream:short)%00%(objectname)%00%(upstream:track)%00%(upstream:remotename)%00%(upstream:remoteref) refs/heads/master refs/remotes/master [36ms]
2022-11-14 06:46:22.797 [info] > git status -z -uall [244ms]
2022-11-14 06:46:25.711 [info] > git show --textconv :singly_linked_lists/_putchar.c [295ms]
2022-11-14 06:46:25.724 [info] > git ls-files --stage -- /root/holbertonschool-low_level_programming/singly_linked_lists/_putchar.c [282ms]
2022-11-14 06:46:25.839 [info] > git cat-file -s 18269f51e8f47e6e9b1fdb149e038c5cc7bd65f6 [99ms]
2022-11-14 06:46:27.749 [info] > git status -z -uall [138ms]
2022-11-14 06:46:27.762 [info] > git config --get commit.template [112ms]
2022-11-14 06:46:27.769 [info] > git remote --verbose [179ms]
2022-11-14 06:46:27.771 [info] > git for-each-ref --sort -committerdate --format %(refname) %(objectname) %(*objectname) [196ms]
2022-11-14 06:46:27.853 [info] > git for-each-ref --format=%(refname)%00%(upstream:short)%00%(objectname)%00%(upstream:track)%00%(upstream:remotename)%00%(upstream:remoteref) refs/heads/master refs/remotes/master [46ms]
2022-11-14 06:46:28.126 [info] > git show --textconv :singly_linked_lists/0-main.c [190ms]
2022-11-14 06:46:28.136 [info] > git ls-files --stage -- /root/holbertonschool-low_level_programming/singly_linked_lists/0-main.c [172ms]
2022-11-14 06:46:28.284 [info] > git for-each-ref --sort -committerdate --format %(refname) %(objectname) %(*objectname) [117ms]
2022-11-14 06:46:28.301 [info] > git remote --verbose [113ms]
2022-11-14 06:46:28.307 [info] > git config --get commit.template [44ms]
2022-11-14 06:46:28.465 [info] > git for-each-ref --format=%(refname)%00%(upstream:short)%00%(objectname)%00%(upstream:track)%00%(upstream:remotename)%00%(upstream:remoteref) refs/heads/master refs/remotes/master [115ms]
2022-11-14 06:46:28.569 [info] > git status -z -uall [352ms]
2022-11-14 06:46:33.793 [info] > git for-each-ref --sort -committerdate --format %(refname) %(objectname) %(*objectname) [66ms]
2022-11-14 06:46:33.922 [info] > git status -z -uall [159ms]
2022-11-14 06:46:33.926 [info] > git remote --verbose [96ms]
2022-11-14 06:46:33.928 [info] > git for-each-ref --sort -committerdate --format %(refname) %(objectname) %(*objectname) [111ms]
2022-11-14 06:46:33.930 [info] > git config --get commit.template [145ms]
2022-11-14 06:46:33.938 [info] > git remote --verbose [198ms]
2022-11-14 06:46:33.952 [info] > git config --get commit.template [67ms]
2022-11-14 06:46:34.183 [info] > git for-each-ref --format=%(refname)%00%(upstream:short)%00%(objectname)%00%(upstream:track)%00%(upstream:remotename)%00%(upstream:remoteref) refs/heads/master refs/remotes/master [141ms]
2022-11-14 06:46:34.344 [info] > git for-each-ref --format=%(refname)%00%(upstream:short)%00%(objectname)%00%(upstream:track)%00%(upstream:remotename)%00%(upstream:remoteref) refs/heads/master refs/remotes/master [192ms]
2022-11-14 06:46:34.530 [info] > git status -z -uall [670ms]
2022-11-14 06:46:37.245 [info] > git show --textconv :singly_linked_lists/0-print_list.c [58ms]
2022-11-14 06:46:37.276 [info] > git ls-files --stage -- /root/holbertonschool-low_level_programming/singly_linked_lists/0-print_list.c [38ms]
2022-11-14 06:46:37.338 [info] > git cat-file -s 09373f20cf1e0f319b74682ffcb8a120b2b0363d [32ms]
2022-11-14 06:46:39.349 [info] > git for-each-ref --sort -committerdate --format %(refname) %(objectname) %(*objectname) [70ms]
2022-11-14 06:46:39.355 [info] > git remote --verbose [73ms]
2022-11-14 06:46:39.362 [info] > git config --get commit.template [26ms]
2022-11-14 06:46:39.384 [info] > git status -z -uall [83ms]
2022-11-14 06:46:39.423 [info] > git for-each-ref --format=%(refname)%00%(upstream:short)%00%(objectname)%00%(upstream:track)%00%(upstream:remotename)%00%(upstream:remoteref) refs/heads/master refs/remotes/master [40ms]
2022-11-14 06:46:39.821 [info] > git remote --verbose [58ms]
2022-11-14 06:46:39.823 [info] > git for-each-ref --sort -committerdate --format %(refname) %(objectname) %(*objectname) [100ms]
2022-11-14 06:46:39.874 [info] > git config --get commit.template [75ms]
2022-11-14 06:46:39.907 [info] > git for-each-ref --format=%(refname)%00%(upstream:short)%00%(objectname)%00%(upstream:track)%00%(upstream:remotename)%00%(upstream:remoteref) refs/heads/master refs/remotes/master [36ms]
2022-11-14 06:46:40.017 [info] > git status -z -uall [241ms]
2022-11-14 06:46:45.211 [info] > git remote --verbose [36ms]
2022-11-14 06:46:45.214 [info] > git for-each-ref --sort -committerdate --format %(refname) %(objectname) %(*objectname) [54ms]
2022-11-14 06:46:45.235 [info] > git config --get commit.template [31ms]
2022-11-14 06:46:45.266 [info] > git for-each-ref --format=%(refname)%00%(upstream:short)%00%(objectname)%00%(upstream:track)%00%(upstream:remotename)%00%(upstream:remoteref) refs/heads/master refs/remotes/master [33ms]
2022-11-14 06:46:45.481 [info] > git status -z -uall [297ms]
2022-11-14 06:46:47.466 [info] > git show --textconv :singly_linked_lists/lists.h [47ms]
2022-11-14 06:46:47.489 [info] > git ls-files --stage -- /root/holbertonschool-low_level_programming/singly_linked_lists/lists.h [44ms]
2022-11-14 06:46:47.539 [info] > git cat-file -s c0a9f8364b1248e2159b9e49b241c84e758b8fa8 [31ms]
2022-11-14 06:46:49.145 [info] > git status -z -uall [143ms]
2022-11-14 06:46:49.165 [info] > git for-each-ref --sort -committerdate --format %(refname) %(objectname) %(*objectname) [185ms]
2022-11-14 06:46:49.290 [info] > git config --get commit.template [186ms]
2022-11-14 06:46:49.399 [info] > git remote --verbose [409ms]
2022-11-14 06:46:49.459 [info] > git show --textconv :singly_linked_lists/README.md [226ms]
2022-11-14 06:46:49.466 [info] > git ls-files --stage -- /root/holbertonschool-low_level_programming/singly_linked_lists/README.md [196ms]
2022-11-14 06:46:49.549 [info] > git cat-file -s c3202462e114a701827218efd3579dfeba50bf83 [60ms]
2022-11-14 06:46:49.578 [info] > git for-each-ref --format=%(refname)%00%(upstream:short)%00%(objectname)%00%(upstream:track)%00%(upstream:remotename)%00%(upstream:remoteref) refs/heads/master refs/remotes/master [53ms]
2022-11-14 06:46:50.684 [info] > git remote --verbose [46ms]
2022-11-14 06:46:50.687 [info] > git for-each-ref --sort -committerdate --format %(refname) %(objectname) %(*objectname) [70ms]
2022-11-14 06:46:50.708 [info] > git config --get commit.template [40ms]
2022-11-14 06:46:50.739 [info] > git for-each-ref --format=%(refname)%00%(upstream:short)%00%(objectname)%00%(upstream:track)%00%(upstream:remotename)%00%(upstream:remoteref) refs/heads/master refs/remotes/master [34ms]
2022-11-14 06:46:50.870 [info] > git status -z -uall [226ms]
2022-11-14 06:46:52.913 [info] > git show --textconv :singly_linked_lists/lists.h [47ms]
2022-11-14 06:46:52.921 [info] > git ls-files --stage -- /root/holbertonschool-low_level_programming/singly_linked_lists/lists.h [31ms]
2022-11-14 06:46:52.978 [info] > git cat-file -s c0a9f8364b1248e2159b9e49b241c84e758b8fa8 [32ms]
2022-11-14 06:46:56.643 [info] > git remote --verbose [38ms]
2022-11-14 06:46:56.645 [info] > git for-each-ref --sort -committerdate --format %(refname) %(objectname) %(*objectname) [53ms]
2022-11-14 06:46:56.665 [info] > git config --get commit.template [25ms]
2022-11-14 06:46:56.695 [info] > git for-each-ref --format=%(refname)%00%(upstream:short)%00%(objectname)%00%(upstream:track)%00%(upstream:remotename)%00%(upstream:remoteref) refs/heads/master refs/remotes/master [35ms]
2022-11-14 06:46:56.837 [info] > git status -z -uall [218ms]
2022-11-14 06:47:02.018 [info] > git remote --verbose [44ms]
2022-11-14 06:47:02.021 [info] > git for-each-ref --sort -committerdate --format %(refname) %(objectname) %(*objectname) [62ms]
2022-11-14 06:47:02.044 [info] > git config --get commit.template [35ms]
2022-11-14 06:47:02.075 [info] > git for-each-ref --format=%(refname)%00%(upstream:short)%00%(objectname)%00%(upstream:track)%00%(upstream:remotename)%00%(upstream:remoteref) refs/heads/master refs/remotes/master [34ms]
2022-11-14 06:47:02.203 [info] > git status -z -uall [215ms]
2022-11-14 06:47:07.427 [info] > git remote --verbose [41ms]
2022-11-14 06:47:07.429 [info] > git for-each-ref --sort -committerdate --format %(refname) %(objectname) %(*objectname) [62ms]
2022-11-14 06:47:07.461 [info] > git config --get commit.template [37ms]
2022-11-14 06:47:07.492 [info] > git for-each-ref --format=%(refname)%00%(upstream:short)%00%(objectname)%00%(upstream:track)%00%(upstream:remotename)%00%(upstream:remoteref) refs/heads/master refs/remotes/master [33ms]
2022-11-14 06:47:07.622 [info] > git status -z -uall [220ms]
2022-11-14 06:47:12.821 [info] > git remote --verbose [39ms]
2022-11-14 06:47:12.823 [info] > git for-each-ref --sort -committerdate --format %(refname) %(objectname) %(*objectname) [61ms]
2022-11-14 06:47:12.843 [info] > git config --get commit.template [25ms]
2022-11-14 06:47:12.881 [info] > git for-each-ref --format=%(refname)%00%(upstream:short)%00%(objectname)%00%(upstream:track)%00%(upstream:remotename)%00%(upstream:remoteref) refs/heads/master refs/remotes/master [39ms]
2022-11-14 06:47:13.033 [info] > git status -z -uall [236ms]
2022-11-14 06:47:18.236 [info] > git remote --verbose [80ms]
2022-11-14 06:47:18.238 [info] > git for-each-ref --sort -committerdate --format %(refname) %(objectname) %(*objectname) [100ms]
2022-11-14 06:47:18.311 [info] > git config --get commit.template [78ms]
2022-11-14 06:47:18.359 [info] > git for-each-ref --format=%(refname)%00%(upstream:short)%00%(objectname)%00%(upstream:track)%00%(upstream:remotename)%00%(upstream:remoteref) refs/heads/master refs/remotes/master [50ms]
2022-11-14 06:47:18.460 [info] > git status -z -uall [273ms]
2022-11-14 06:47:23.681 [info] > git remote --verbose [37ms]
2022-11-14 06:47:23.682 [info] > git for-each-ref --sort -committerdate --format %(refname) %(objectname) %(*objectname) [59ms]
2022-11-14 06:47:23.722 [info] > git config --get commit.template [44ms]
2022-11-14 06:47:23.749 [info] > git for-each-ref --format=%(refname)%00%(upstream:short)%00%(objectname)%00%(upstream:track)%00%(upstream:remotename)%00%(upstream:remoteref) refs/heads/master refs/remotes/master [29ms]
2022-11-14 06:47:23.879 [info] > git status -z -uall [220ms]
2022-11-14 06:47:29.114 [info] > git remote --verbose [42ms]
2022-11-14 06:47:29.116 [info] > git for-each-ref --sort -committerdate --format %(refname) %(objectname) %(*objectname) [74ms]
2022-11-14 06:47:29.122 [info] > git config --get commit.template [27ms]
2022-11-14 06:47:29.175 [info] > git for-each-ref --format=%(refname)%00%(upstream:short)%00%(objectname)%00%(upstream:track)%00%(upstream:remotename)%00%(upstream:remoteref) refs/heads/master refs/remotes/master [34ms]
2022-11-14 06:47:29.298 [info] > git status -z -uall [226ms]
2022-11-14 06:47:34.531 [info] > git remote --verbose [42ms]
2022-11-14 06:47:34.532 [info] > git for-each-ref --sort -committerdate --format %(refname) %(objectname) %(*objectname) [62ms]
2022-11-14 06:47:34.551 [info] > git config --get commit.template [24ms]
2022-11-14 06:47:34.581 [info] > git for-each-ref --format=%(refname)%00%(upstream:short)%00%(objectname)%00%(upstream:track)%00%(upstream:remotename)%00%(upstream:remoteref) refs/heads/master refs/remotes/master [33ms]
2022-11-14 06:47:34.728 [info] > git status -z -uall [224ms]
2022-11-14 06:47:39.937 [info] > git remote --verbose [39ms]
2022-11-14 06:47:39.938 [info] > git for-each-ref --sort -committerdate --format %(refname) %(objectname) %(*objectname) [60ms]
2022-11-14 06:47:39.957 [info] > git config --get commit.template [24ms]
2022-11-14 06:47:39.987 [info] > git for-each-ref --format=%(refname)%00%(upstream:short)%00%(objectname)%00%(upstream:track)%00%(upstream:remotename)%00%(upstream:remoteref) refs/heads/master refs/remotes/master [34ms]
2022-11-14 06:47:40.134 [info] > git status -z -uall [218ms]
2022-11-14 06:47:45.368 [info] > git config --get commit.template [23ms]
2022-11-14 06:47:45.376 [info] > git remote --verbose [70ms]
2022-11-14 06:47:45.377 [info] > git for-each-ref --sort -committerdate --format %(refname) %(objectname) %(*objectname) [87ms]
2022-11-14 06:47:45.428 [info] > git for-each-ref --format=%(refname)%00%(upstream:short)%00%(objectname)%00%(upstream:track)%00%(upstream:remotename)%00%(upstream:remoteref) refs/heads/master refs/remotes/master [34ms]
2022-11-14 06:47:45.543 [info] > git status -z -uall [223ms]
2022-11-14 06:47:50.765 [info] > git remote --verbose [39ms]
2022-11-14 06:47:50.766 [info] > git for-each-ref --sort -committerdate --format %(refname) %(objectname) %(*objectname) [59ms]
2022-11-14 06:47:50.786 [info] > git config --get commit.template [25ms]
2022-11-14 06:47:50.817 [info] > git for-each-ref --format=%(refname)%00%(upstream:short)%00%(objectname)%00%(upstream:track)%00%(upstream:remotename)%00%(upstream:remoteref) refs/heads/master refs/remotes/master [33ms]
2022-11-14 06:47:50.954 [info] > git status -z -uall [212ms]
2022-11-14 06:47:56.163 [info] > git remote --verbose [41ms]
2022-11-14 06:47:56.164 [info] > git for-each-ref --sort -committerdate --format %(refname) %(objectname) %(*objectname) [61ms]
2022-11-14 06:47:56.184 [info] > git config --get commit.template [24ms]
2022-11-14 06:47:56.215 [info] > git for-each-ref --format=%(refname)%00%(upstream:short)%00%(objectname)%00%(upstream:track)%00%(upstream:remotename)%00%(upstream:remoteref) refs/heads/master refs/remotes/master [33ms]
2022-11-14 06:47:56.357 [info] > git status -z -uall [218ms]
2022-11-14 06:48:01.569 [info] > git remote --verbose [44ms]
2022-11-14 06:48:01.570 [info] > git for-each-ref --sort -committerdate --format %(refname) %(objectname) %(*objectname) [63ms]
2022-11-14 06:48:01.590 [info] > git config --get commit.template [24ms]
2022-11-14 06:48:01.624 [info] > git for-each-ref --format=%(refname)%00%(upstream:short)%00%(objectname)%00%(upstream:track)%00%(upstream:remotename)%00%(upstream:remoteref) refs/heads/master refs/remotes/master [35ms]
2022-11-14 06:48:01.759 [info] > git status -z -uall [217ms]
2022-11-14 06:48:06.978 [info] > git remote --verbose [41ms]
2022-11-14 06:48:06.980 [info] > git for-each-ref --sort -committerdate --format %(refname) %(objectname) %(*objectname) [60ms]
2022-11-14 06:48:06.999 [info] > git config --get commit.template [24ms]
2022-11-14 06:48:07.030 [info] > git for-each-ref --format=%(refname)%00%(upstream:short)%00%(objectname)%00%(upstream:track)%00%(upstream:remotename)%00%(upstream:remoteref) refs/heads/master refs/remotes/master [33ms]
2022-11-14 06:48:07.169 [info] > git status -z -uall [215ms]
2022-11-14 06:48:12.387 [info] > git remote --verbose [41ms]
2022-11-14 06:48:12.388 [info] > git for-each-ref --sort -committerdate --format %(refname) %(objectname) %(*objectname) [64ms]
2022-11-14 06:48:12.417 [info] > git config --get commit.template [33ms]
2022-11-14 06:48:12.442 [info] > git for-each-ref --format=%(refname)%00%(upstream:short)%00%(objectname)%00%(upstream:track)%00%(upstream:remotename)%00%(upstream:remoteref) refs/heads/master refs/remotes/master [27ms]
2022-11-14 06:48:12.589 [info] > git status -z -uall [226ms]
2022-11-14 06:48:17.799 [info] > git remote --verbose [44ms]
2022-11-14 06:48:17.801 [info] > git for-each-ref --sort -committerdate --format %(refname) %(objectname) %(*objectname) [63ms]
2022-11-14 06:48:17.822 [info] > git config --get commit.template [27ms]
2022-11-14 06:48:17.856 [info] > git for-each-ref --format=%(refname)%00%(upstream:short)%00%(objectname)%00%(upstream:track)%00%(upstream:remotename)%00%(upstream:remoteref) refs/heads/master refs/remotes/master [35ms]
2022-11-14 06:48:17.990 [info] > git status -z -uall [217ms]
2022-11-14 06:48:23.193 [info] > git remote --verbose [45ms]
2022-11-14 06:48:23.195 [info] > git for-each-ref --sort -committerdate --format %(refname) %(objectname) %(*objectname) [66ms]
2022-11-14 06:48:23.215 [info] > git config --get commit.template [25ms]
2022-11-14 06:48:23.248 [info] > git for-each-ref --format=%(refname)%00%(upstream:short)%00%(objectname)%00%(upstream:track)%00%(upstream:remotename)%00%(upstream:remoteref) refs/heads/master refs/remotes/master [35ms]
2022-11-14 06:48:23.384 [info] > git status -z -uall [217ms]
2022-11-14 06:48:28.602 [info] > git remote --verbose [47ms]
2022-11-14 06:48:28.603 [info] > git for-each-ref --sort -committerdate --format %(refname) %(objectname) %(*objectname) [69ms]
2022-11-14 06:48:28.625 [info] > git config --get commit.template [26ms]
2022-11-14 06:48:28.657 [info] > git for-each-ref --format=%(refname)%00%(upstream:short)%00%(objectname)%00%(upstream:track)%00%(upstream:remotename)%00%(upstream:remoteref) refs/heads/master refs/remotes/master [34ms]
2022-11-14 06:48:28.788 [info] > git status -z -uall [212ms]
2022-11-14 06:48:33.986 [info] > git remote --verbose [42ms]
2022-11-14 06:48:33.988 [info] > git for-each-ref --sort -committerdate --format %(refname) %(objectname) %(*objectname) [62ms]
2022-11-14 06:48:34.012 [info] > git config --get commit.template [28ms]
2022-11-14 06:48:34.044 [info] > git for-each-ref --format=%(refname)%00%(upstream:short)%00%(objectname)%00%(upstream:track)%00%(upstream:remotename)%00%(upstream:remoteref) refs/heads/master refs/remotes/master [34ms]
2022-11-14 06:48:34.182 [info] > git status -z -uall [220ms]
2022-11-14 06:48:39.394 [info] > git remote --verbose [48ms]
2022-11-14 06:48:39.396 [info] > git for-each-ref --sort -committerdate --format %(refname) %(objectname) %(*objectname) [68ms]
2022-11-14 06:48:39.418 [info] > git config --get commit.template [26ms]
2022-11-14 06:48:39.451 [info] > git for-each-ref --format=%(refname)%00%(upstream:short)%00%(objectname)%00%(upstream:track)%00%(upstream:remotename)%00%(upstream:remoteref) refs/heads/master refs/remotes/master [35ms]
2022-11-14 06:48:39.581 [info] > git status -z -uall [213ms]
2022-11-14 06:48:44.834 [info] > git for-each-ref --sort -committerdate --format %(refname) %(objectname) %(*objectname) [71ms]
2022-11-14 06:48:44.842 [info] > git config --get commit.template [29ms]
2022-11-14 06:48:44.844 [info] > git remote --verbose [81ms]
2022-11-14 06:48:44.903 [info] > git for-each-ref --format=%(refname)%00%(upstream:short)%00%(objectname)%00%(upstream:track)%00%(upstream:remotename)%00%(upstream:remoteref) refs/heads/master refs/remotes/master [34ms]
2022-11-14 06:48:45.002 [info] > git status -z -uall [219ms]
2022-11-14 06:48:50.275 [info] > git for-each-ref --sort -committerdate --format %(refname) %(objectname) %(*objectname) [68ms]
2022-11-14 06:48:50.278 [info] > git remote --verbose [52ms]
2022-11-14 06:48:50.301 [info] > git config --get commit.template [28ms]
2022-11-14 06:48:50.333 [info] > git for-each-ref --format=%(refname)%00%(upstream:short)%00%(objectname)%00%(upstream:track)%00%(upstream:remotename)%00%(upstream:remoteref) refs/heads/master refs/remotes/master [34ms]
2022-11-14 06:48:50.458 [info] > git status -z -uall [212ms]
2022-11-14 06:48:55.717 [info] > git for-each-ref --sort -committerdate --format %(refname) %(objectname) %(*objectname) [63ms]
2022-11-14 06:48:55.724 [info] > git config --get commit.template [38ms]
2022-11-14 06:48:55.726 [info] > git remote --verbose [85ms]
2022-11-14 06:48:55.782 [info] > git for-each-ref --format=%(refname)%00%(upstream:short)%00%(objectname)%00%(upstream:track)%00%(upstream:remotename)%00%(upstream:remoteref) refs/heads/master refs/remotes/master [34ms]
2022-11-14 06:48:55.882 [info] > git status -z -uall [221ms]
2022-11-14 06:49:01.133 [info] > git remote --verbose [42ms]
2022-11-14 06:49:01.134 [info] > git for-each-ref --sort -committerdate --format %(refname) %(objectname) %(*objectname) [65ms]
2022-11-14 06:49:01.153 [info] > git config --get commit.template [25ms]
2022-11-14 06:49:01.187 [info] > git for-each-ref --format=%(refname)%00%(upstream:short)%00%(objectname)%00%(upstream:track)%00%(upstream:remotename)%00%(upstream:remoteref) refs/heads/master refs/remotes/master [36ms]
2022-11-14 06:49:01.317 [info] > git status -z -uall [211ms]
2022-11-14 06:49:06.540 [info] > git remote --verbose [39ms]
2022-11-14 06:49:06.542 [info] > git for-each-ref --sort -committerdate --format %(refname) %(objectname) %(*objectname) [61ms]
2022-11-14 06:49:06.563 [info] > git config --get commit.template [26ms]
2022-11-14 06:49:06.595 [info] > git for-each-ref --format=%(refname)%00%(upstream:short)%00%(objectname)%00%(upstream:track)%00%(upstream:remotename)%00%(upstream:remoteref) refs/heads/master refs/remotes/master [33ms]
2022-11-14 06:49:06.731 [info] > git status -z -uall [216ms]
2022-11-14 06:49:11.950 [info] > git remote --verbose [44ms]
2022-11-14 06:49:11.952 [info] > git for-each-ref --sort -committerdate --format %(refname) %(objectname) %(*objectname) [65ms]
2022-11-14 06:49:11.972 [info] > git config --get commit.template [24ms]
2022-11-14 06:49:12.004 [info] > git for-each-ref --format=%(refname)%00%(upstream:short)%00%(objectname)%00%(upstream:track)%00%(upstream:remotename)%00%(upstream:remoteref) refs/heads/master refs/remotes/master [34ms]
2022-11-14 06:49:12.148 [info] > git status -z -uall [223ms]
2022-11-14 06:49:17.356 [info] > git remote --verbose [40ms]
2022-11-14 06:49:17.358 [info] > git for-each-ref --sort -committerdate --format %(refname) %(objectname) %(*objectname) [64ms]
2022-11-14 06:49:17.378 [info] > git config --get commit.template [24ms]
2022-11-14 06:49:17.408 [info] > git for-each-ref --format=%(refname)%00%(upstream:short)%00%(objectname)%00%(upstream:track)%00%(upstream:remotename)%00%(upstream:remoteref) refs/heads/master refs/remotes/master [33ms]
2022-11-14 06:49:17.551 [info] > git status -z -uall [219ms]
2022-11-14 06:49:22.753 [info] > git remote --verbose [41ms]
2022-11-14 06:49:22.755 [info] > git for-each-ref --sort -committerdate --format %(refname) %(objectname) %(*objectname) [63ms]
2022-11-14 06:49:22.775 [info] > git config --get commit.template [25ms]
2022-11-14 06:49:22.809 [info] > git for-each-ref --format=%(refname)%00%(upstream:short)%00%(objectname)%00%(upstream:track)%00%(upstream:remotename)%00%(upstream:remoteref) refs/heads/master refs/remotes/master [35ms]
2022-11-14 06:49:22.946 [info] > git status -z -uall [217ms]
2022-11-14 06:49:28.161 [info] > git remote --verbose [45ms]
2022-11-14 06:49:28.162 [info] > git for-each-ref --sort -committerdate --format %(refname) %(objectname) %(*objectname) [66ms]
2022-11-14 06:49:28.183 [info] > git config --get commit.template [25ms]
2022-11-14 06:49:28.214 [info] > git for-each-ref --format=%(refname)%00%(upstream:short)%00%(objectname)%00%(upstream:track)%00%(upstream:remotename)%00%(upstream:remoteref) refs/heads/master refs/remotes/master [34ms]
2022-11-14 06:49:28.355 [info] > git status -z -uall [220ms]
2022-11-14 06:49:33.566 [info] > git remote --verbose [41ms]
2022-11-14 06:49:33.567 [info] > git for-each-ref --sort -committerdate --format %(refname) %(objectname) %(*objectname) [62ms]
2022-11-14 06:49:33.589 [info] > git config --get commit.template [26ms]
2022-11-14 06:49:33.620 [info] > git for-each-ref --format=%(refname)%00%(upstream:short)%00%(objectname)%00%(upstream:track)%00%(upstream:remotename)%00%(upstream:remoteref) refs/heads/master refs/remotes/master [32ms]
2022-11-14 06:49:33.755 [info] > git status -z -uall [213ms]
2022-11-14 06:49:38.936 [info] > git remote --verbose [40ms]
2022-11-14 06:49:38.937 [info] > git for-each-ref --sort -committerdate --format %(refname) %(objectname) %(*objectname) [58ms]
2022-11-14 06:49:38.960 [info] > git config --get commit.template [27ms]
2022-11-14 06:49:38.992 [info] > git for-each-ref --format=%(refname)%00%(upstream:short)%00%(objectname)%00%(upstream:track)%00%(upstream:remotename)%00%(upstream:remoteref) refs/heads/master refs/remotes/master [34ms]
2022-11-14 06:49:39.126 [info] > git status -z -uall [213ms]
2022-11-14 06:49:44.335 [info] > git remote --verbose [43ms]
2022-11-14 06:49:44.337 [info] > git for-each-ref --sort -committerdate --format %(refname) %(objectname) %(*objectname) [63ms]
2022-11-14 06:49:44.361 [info] > git config --get commit.template [29ms]
2022-11-14 06:49:44.393 [info] > git for-each-ref --format=%(refname)%00%(upstream:short)%00%(objectname)%00%(upstream:track)%00%(upstream:remotename)%00%(upstream:remoteref) refs/heads/master refs/remotes/master [34ms]
2022-11-14 06:49:44.520 [info] > git status -z -uall [211ms]
2022-11-14 06:49:49.719 [info] > git remote --verbose [43ms]
2022-11-14 06:49:49.720 [info] > git for-each-ref --sort -committerdate --format %(refname) %(objectname) %(*objectname) [62ms]
2022-11-14 06:49:49.741 [info] > git config --get commit.template [26ms]
2022-11-14 06:49:49.772 [info] > git for-each-ref --format=%(refname)%00%(upstream:short)%00%(objectname)%00%(upstream:track)%00%(upstream:remotename)%00%(upstream:remoteref) refs/heads/master refs/remotes/master [33ms]
2022-11-14 06:49:49.906 [info] > git status -z -uall [212ms]
2022-11-14 06:49:55.082 [info] > git for-each-ref --sort -committerdate --format %(refname) %(objectname) %(*objectname) [58ms]
2022-11-14 06:49:55.084 [info] > git remote --verbose [46ms]
2022-11-14 06:49:55.110 [info] > git config --get commit.template [30ms]
2022-11-14 06:49:55.141 [info] > git for-each-ref --format=%(refname)%00%(upstream:short)%00%(objectname)%00%(upstream:track)%00%(upstream:remotename)%00%(upstream:remoteref) refs/heads/master refs/remotes/master [33ms]
2022-11-14 06:49:55.271 [info] > git status -z -uall [212ms]
2022-11-14 06:50:00.487 [info] > git remote --verbose [45ms]
2022-11-14 06:50:00.488 [info] > git for-each-ref --sort -committerdate --format %(refname) %(objectname) %(*objectname) [67ms]
2022-11-14 06:50:00.512 [info] > git config --get commit.template [28ms]
2022-11-14 06:50:00.550 [info] > git for-each-ref --format=%(refname)%00%(upstream:short)%00%(objectname)%00%(upstream:track)%00%(upstream:remotename)%00%(upstream:remoteref) refs/heads/master refs/remotes/master [33ms]
2022-11-14 06:50:00.674 [info] > git status -z -uall [214ms]
2022-11-14 06:50:05.883 [info] > git remote --verbose [45ms]
2022-11-14 06:50:05.885 [info] > git for-each-ref --sort -committerdate --format %(refname) %(objectname) %(*objectname) [66ms]
2022-11-14 06:50:05.916 [info] > git config --get commit.template [34ms]
2022-11-14 06:50:05.943 [info] > git for-each-ref --format=%(refname)%00%(upstream:short)%00%(objectname)%00%(upstream:track)%00%(upstream:remotename)%00%(upstream:remoteref) refs/heads/master refs/remotes/master [30ms]
2022-11-14 06:50:06.069 [info] > git status -z -uall [214ms]
2022-11-14 06:50:11.295 [info] > git remote --verbose [44ms]
2022-11-14 06:50:11.297 [info] > git for-each-ref --sort -committerdate --format %(refname) %(objectname) %(*objectname) [66ms]
2022-11-14 06:50:11.322 [info] > git config --get commit.template [29ms]
2022-11-14 06:50:11.355 [info] > git for-each-ref --format=%(refname)%00%(upstream:short)%00%(objectname)%00%(upstream:track)%00%(upstream:remotename)%00%(upstream:remoteref) refs/heads/master refs/remotes/master [35ms]
2022-11-14 06:50:11.485 [info] > git status -z -uall [214ms]
2022-11-14 06:50:16.706 [info] > git for-each-ref --sort -committerdate --format %(refname) %(objectname) %(*objectname) [67ms]
2022-11-14 06:50:16.709 [info] > git remote --verbose [50ms]
2022-11-14 06:50:16.735 [info] > git config --get commit.template [30ms]
2022-11-14 06:50:16.768 [info] > git for-each-ref --format=%(refname)%00%(upstream:short)%00%(objectname)%00%(upstream:track)%00%(upstream:remotename)%00%(upstream:remoteref) refs/heads/master refs/remotes/master [35ms]
2022-11-14 06:50:16.897 [info] > git status -z -uall [215ms]
2022-11-14 06:50:22.102 [info] > git remote --verbose [51ms]
2022-11-14 06:50:22.105 [info] > git for-each-ref --sort -committerdate --format %(refname) %(objectname) %(*objectname) [84ms]
2022-11-14 06:50:22.132 [info] > git config --get commit.template [44ms]
2022-11-14 06:50:22.163 [info] > git for-each-ref --format=%(refname)%00%(upstream:short)%00%(objectname)%00%(upstream:track)%00%(upstream:remotename)%00%(upstream:remoteref) refs/heads/master refs/remotes/master [34ms]
2022-11-14 06:50:22.275 [info] > git status -z -uall [214ms]
2022-11-14 06:50:27.472 [info] > git remote --verbose [41ms]
2022-11-14 06:50:27.474 [info] > git for-each-ref --sort -committerdate --format %(refname) %(objectname) %(*objectname) [61ms]
2022-11-14 06:50:27.497 [info] > git config --get commit.template [25ms]
2022-11-14 06:50:27.531 [info] > git for-each-ref --format=%(refname)%00%(upstream:short)%00%(objectname)%00%(upstream:track)%00%(upstream:remotename)%00%(upstream:remoteref) refs/heads/master refs/remotes/master [37ms]
2022-11-14 06:50:27.659 [info] > git status -z -uall [214ms]
2022-11-14 06:50:32.844 [info] > git remote --verbose [39ms]
2022-11-14 06:50:32.846 [info] > git for-each-ref --sort -committerdate --format %(refname) %(objectname) %(*objectname) [55ms]
2022-11-14 06:50:32.866 [info] > git config --get commit.template [25ms]
2022-11-14 06:50:32.898 [info] > git for-each-ref --format=%(refname)%00%(upstream:short)%00%(objectname)%00%(upstream:track)%00%(upstream:remotename)%00%(upstream:remoteref) refs/heads/master refs/remotes/master [34ms]
2022-11-14 06:50:33.033 [info] > git status -z -uall [212ms]
2022-11-14 06:50:38.210 [info] > git remote --verbose [40ms]
2022-11-14 06:50:38.211 [info] > git for-each-ref --sort -committerdate --format %(refname) %(objectname) %(*objectname) [56ms]
2022-11-14 06:50:38.232 [info] > git config --get commit.template [26ms]
2022-11-14 06:50:38.265 [info] > git for-each-ref --format=%(refname)%00%(upstream:short)%00%(objectname)%00%(upstream:track)%00%(upstream:remotename)%00%(upstream:remoteref) refs/heads/master refs/remotes/master [34ms]
2022-11-14 06:50:38.403 [info] > git status -z -uall [217ms]
2022-11-14 06:50:43.612 [info] > git for-each-ref --sort -committerdate --format %(refname) %(objectname) %(*objectname) [61ms]
2022-11-14 06:50:43.634 [info] > git remote --verbose [46ms]
2022-11-14 06:50:43.661 [info] > git config --get commit.template [29ms]
2022-11-14 06:50:43.693 [info] > git for-each-ref --format=%(refname)%00%(upstream:short)%00%(objectname)%00%(upstream:track)%00%(upstream:remotename)%00%(upstream:remoteref) refs/heads/master refs/remotes/master [34ms]
2022-11-14 06:50:43.829 [info] > git status -z -uall [222ms]
2022-11-14 06:50:49.027 [info] > git remote --verbose [35ms]
2022-11-14 06:50:49.029 [info] > git for-each-ref --sort -committerdate --format %(refname) %(objectname) %(*objectname) [59ms]
2022-11-14 06:50:49.082 [info] > git config --get commit.template [30ms]
2022-11-14 06:50:49.112 [info] > git for-each-ref --format=%(refname)%00%(upstream:short)%00%(objectname)%00%(upstream:track)%00%(upstream:remotename)%00%(upstream:remoteref) refs/heads/master refs/remotes/master [34ms]
2022-11-14 06:50:49.242 [info] > git status -z -uall [220ms]
2022-11-14 06:50:54.448 [info] > git remote --verbose [42ms]
2022-11-14 06:50:54.456 [info] > git for-each-ref --sort -committerdate --format %(refname) %(objectname) %(*objectname) [69ms]
2022-11-14 06:50:54.480 [info] > git config --get commit.template [34ms]
2022-11-14 06:50:54.512 [info] > git for-each-ref --format=%(refname)%00%(upstream:short)%00%(objectname)%00%(upstream:track)%00%(upstream:remotename)%00%(upstream:remoteref) refs/heads/master refs/remotes/master [33ms]
2022-11-14 06:50:54.642 [info] > git status -z -uall [219ms]
2022-11-14 06:50:59.911 [info] > git for-each-ref --sort -committerdate --format %(refname) %(objectname) %(*objectname) [66ms]
2022-11-14 06:50:59.922 [info] > git remote --verbose [87ms]
2022-11-14 06:50:59.949 [info] > git config --get commit.template [66ms]
2022-11-14 06:50:59.980 [info] > git for-each-ref --format=%(refname)%00%(upstream:short)%00%(objectname)%00%(upstream:track)%00%(upstream:remotename)%00%(upstream:remoteref) refs/heads/master refs/remotes/master [35ms]
2022-11-14 06:51:00.081 [info] > git status -z -uall [225ms]
2022-11-14 06:51:05.302 [info] > git remote --verbose [38ms]
2022-11-14 06:51:05.304 [info] > git for-each-ref --sort -committerdate --format %(refname) %(objectname) %(*objectname) [59ms]
2022-11-14 06:51:05.332 [info] > git config --get commit.template [33ms]
2022-11-14 06:51:05.366 [info] > git for-each-ref --format=%(refname)%00%(upstream:short)%00%(objectname)%00%(upstream:track)%00%(upstream:remotename)%00%(upstream:remoteref) refs/heads/master refs/remotes/master [35ms]
2022-11-14 06:51:05.499 [info] > git status -z -uall [221ms]
2022-11-14 06:51:10.717 [info] > git remote --verbose [42ms]
2022-11-14 06:51:10.718 [info] > git for-each-ref --sort -committerdate --format %(refname) %(objectname) %(*objectname) [65ms]
2022-11-14 06:51:10.741 [info] > git config --get commit.template [28ms]
2022-11-14 06:51:10.776 [info] > git for-each-ref --format=%(refname)%00%(upstream:short)%00%(objectname)%00%(upstream:track)%00%(upstream:remotename)%00%(upstream:remoteref) refs/heads/master refs/remotes/master [36ms]
2022-11-14 06:51:10.910 [info] > git status -z -uall [219ms]
2022-11-14 06:51:16.123 [info] > git remote --verbose [42ms]
2022-11-14 06:51:16.124 [info] > git for-each-ref --sort -committerdate --format %(refname) %(objectname) %(*objectname) [62ms]
2022-11-14 06:51:16.146 [info] > git config --get commit.template [26ms]
2022-11-14 06:51:16.179 [info] > git for-each-ref --format=%(refname)%00%(upstream:short)%00%(objectname)%00%(upstream:track)%00%(upstream:remotename)%00%(upstream:remoteref) refs/heads/master refs/remotes/master [35ms]
2022-11-14 06:51:16.318 [info] > git status -z -uall [219ms]
2022-11-14 06:51:21.526 [info] > git remote --verbose [41ms]
2022-11-14 06:51:21.527 [info] > git for-each-ref --sort -committerdate --format %(refname) %(objectname) %(*objectname) [61ms]
2022-11-14 06:51:21.548 [info] > git config --get commit.template [24ms]
2022-11-14 06:51:21.580 [info] > git for-each-ref --format=%(refname)%00%(upstream:short)%00%(objectname)%00%(upstream:track)%00%(upstream:remotename)%00%(upstream:remoteref) refs/heads/master refs/remotes/master [33ms]
2022-11-14 06:51:21.715 [info] > git status -z -uall [215ms]
2022-11-14 06:51:26.924 [info] > git remote --verbose [44ms]
2022-11-14 06:51:26.926 [info] > git for-each-ref --sort -committerdate --format %(refname) %(objectname) %(*objectname) [67ms]
2022-11-14 06:51:26.946 [info] > git config --get commit.template [26ms]
2022-11-14 06:51:26.978 [info] > git for-each-ref --format=%(refname)%00%(upstream:short)%00%(objectname)%00%(upstream:track)%00%(upstream:remotename)%00%(upstream:remoteref) refs/heads/master refs/remotes/master [33ms]
2022-11-14 06:51:27.119 [info] > git status -z -uall [220ms]
2022-11-14 06:51:32.318 [info] > git remote --verbose [42ms]
2022-11-14 06:51:32.319 [info] > git for-each-ref --sort -committerdate --format %(refname) %(objectname) %(*objectname) [61ms]
2022-11-14 06:51:32.339 [info] > git config --get commit.template [23ms]
2022-11-14 06:51:32.369 [info] > git for-each-ref --format=%(refname)%00%(upstream:short)%00%(objectname)%00%(upstream:track)%00%(upstream:remotename)%00%(upstream:remoteref) refs/heads/master refs/remotes/master [34ms]
2022-11-14 06:51:32.515 [info] > git status -z -uall [221ms]
2022-11-14 06:51:37.732 [info] > git remote --verbose [41ms]
2022-11-14 06:51:37.734 [info] > git for-each-ref --sort -committerdate --format %(refname) %(objectname) %(*objectname) [63ms]
2022-11-14 06:51:37.756 [info] > git config --get commit.template [27ms]
2022-11-14 06:51:37.788 [info] > git for-each-ref --format=%(refname)%00%(upstream:short)%00%(objectname)%00%(upstream:track)%00%(upstream:remotename)%00%(upstream:remoteref) refs/heads/master refs/remotes/master [34ms]
2022-11-14 06:51:37.928 [info] > git status -z -uall [221ms]
2022-11-14 06:51:43.144 [info] > git remote --verbose [43ms]
2022-11-14 06:51:43.145 [info] > git for-each-ref --sort -committerdate --format %(refname) %(objectname) %(*objectname) [64ms]
2022-11-14 06:51:43.167 [info] > git config --get commit.template [26ms]
2022-11-14 06:51:43.199 [info] > git for-each-ref --format=%(refname)%00%(upstream:short)%00%(objectname)%00%(upstream:track)%00%(upstream:remotename)%00%(upstream:remoteref) refs/heads/master refs/remotes/master [33ms]
2022-11-14 06:51:43.333 [info] > git status -z -uall [217ms]
2022-11-14 06:51:48.551 [info] > git remote --verbose [43ms]
2022-11-14 06:51:48.552 [info] > git for-each-ref --sort -committerdate --format %(refname) %(objectname) %(*objectname) [64ms]
2022-11-14 06:51:48.574 [info] > git config --get commit.template [27ms]
2022-11-14 06:51:48.606 [info] > git for-each-ref --format=%(refname)%00%(upstream:short)%00%(objectname)%00%(upstream:track)%00%(upstream:remotename)%00%(upstream:remoteref) refs/heads/master refs/remotes/master [33ms]
2022-11-14 06:51:48.739 [info] > git status -z -uall [215ms]
2022-11-14 06:51:53.953 [info] > git remote --verbose [43ms]
2022-11-14 06:51:53.955 [info] > git for-each-ref --sort -committerdate --format %(refname) %(objectname) %(*objectname) [64ms]
2022-11-14 06:51:53.976 [info] > git config --get commit.template [26ms]
2022-11-14 06:51:54.009 [info] > git for-each-ref --format=%(refname)%00%(upstream:short)%00%(objectname)%00%(upstream:track)%00%(upstream:remotename)%00%(upstream:remoteref) refs/heads/master refs/remotes/master [34ms]
2022-11-14 06:51:54.140 [info] > git status -z -uall [213ms]
2022-11-14 06:51:59.364 [info] > git for-each-ref --sort -committerdate --format %(refname) %(objectname) %(*objectname) [61ms]
2022-11-14 06:51:59.368 [info] > git remote --verbose [47ms]
2022-11-14 06:51:59.388 [info] > git config --get commit.template [26ms]
2022-11-14 06:51:59.420 [info] > git for-each-ref --format=%(refname)%00%(upstream:short)%00%(objectname)%00%(upstream:track)%00%(upstream:remotename)%00%(upstream:remoteref) refs/heads/master refs/remotes/master [34ms]
2022-11-14 06:51:59.552 [info] > git status -z -uall [215ms]
2022-11-14 06:52:04.783 [info] > git for-each-ref --sort -committerdate --format %(refname) %(objectname) %(*objectname) [61ms]
2022-11-14 06:52:04.787 [info] > git remote --verbose [62ms]
2022-11-14 06:52:04.812 [info] > git config --get commit.template [44ms]
2022-11-14 06:52:04.842 [info] > git for-each-ref --format=%(refname)%00%(upstream:short)%00%(objectname)%00%(upstream:track)%00%(upstream:remotename)%00%(upstream:remoteref) refs/heads/master refs/remotes/master [34ms]
2022-11-14 06:52:04.962 [info] > git status -z -uall [219ms]
2022-11-14 06:52:10.230 [info] > git for-each-ref --sort -committerdate --format %(refname) %(objectname) %(*objectname) [68ms]
2022-11-14 06:52:10.237 [info] > git config --get commit.template [25ms]
2022-11-14 06:52:10.239 [info] > git remote --verbose [77ms]
2022-11-14 06:52:10.297 [info] > git for-each-ref --format=%(refname)%00%(upstream:short)%00%(objectname)%00%(upstream:track)%00%(upstream:remotename)%00%(upstream:remoteref) refs/heads/master refs/remotes/master [34ms]
2022-11-14 06:52:10.417 [info] > git status -z -uall [236ms]
2022-11-14 06:52:15.884 [info] > git for-each-ref --sort -committerdate --format %(refname) %(objectname) %(*objectname) [61ms]
2022-11-14 06:52:15.890 [info] > git config --get commit.template [33ms]
2022-11-14 06:52:15.892 [info] > git remote --verbose [78ms]
2022-11-14 06:52:15.948 [info] > git for-each-ref --format=%(refname)%00%(upstream:short)%00%(objectname)%00%(upstream:track)%00%(upstream:remotename)%00%(upstream:remoteref) refs/heads/master refs/remotes/master [34ms]
2022-11-14 06:52:16.059 [info] > git status -z -uall [225ms]
2022-11-14 06:52:21.285 [info] > git remote --verbose [40ms]
2022-11-14 06:52:21.286 [info] > git for-each-ref --sort -committerdate --format %(refname) %(objectname) %(*objectname) [65ms]
2022-11-14 06:52:21.307 [info] > git config --get commit.template [26ms]
2022-11-14 06:52:21.338 [info] > git for-each-ref --format=%(refname)%00%(upstream:short)%00%(objectname)%00%(upstream:track)%00%(upstream:remotename)%00%(upstream:remoteref) refs/heads/master refs/remotes/master [32ms]
2022-11-14 06:52:21.483 [info] > git status -z -uall [220ms]
2022-11-14 06:52:26.695 [info] > git for-each-ref --sort -committerdate --format %(refname) %(objectname) %(*objectname) [61ms]
2022-11-14 06:52:26.697 [info] > git remote --verbose [44ms]
2022-11-14 06:52:26.719 [info] > git config --get commit.template [27ms]
2022-11-14 06:52:26.750 [info] > git for-each-ref --format=%(refname)%00%(upstream:short)%00%(objectname)%00%(upstream:track)%00%(upstream:remotename)%00%(upstream:remoteref) refs/heads/master refs/remotes/master [32ms]
2022-11-14 06:52:26.891 [info] > git status -z -uall [219ms]
2022-11-14 06:52:32.092 [info] > git remote --verbose [43ms]
2022-11-14 06:52:32.093 [info] > git for-each-ref --sort -committerdate --format %(refname) %(objectname) %(*objectname) [65ms]
2022-11-14 06:52:32.115 [info] > git config --get commit.template [25ms]
2022-11-14 06:52:32.147 [info] > git for-each-ref --format=%(refname)%00%(upstream:short)%00%(objectname)%00%(upstream:track)%00%(upstream:remotename)%00%(upstream:remoteref) refs/heads/master refs/remotes/master [34ms]
2022-11-14 06:52:32.288 [info] > git status -z -uall [220ms]
2022-11-14 06:52:37.506 [info] > git remote --verbose [42ms]
2022-11-14 06:52:37.507 [info] > git for-each-ref --sort -committerdate --format %(refname) %(objectname) %(*objectname) [64ms]
2022-11-14 06:52:37.528 [info] > git config --get commit.template [25ms]
2022-11-14 06:52:37.561 [info] > git for-each-ref --format=%(refname)%00%(upstream:short)%00%(objectname)%00%(upstream:track)%00%(upstream:remotename)%00%(upstream:remoteref) refs/heads/master refs/remotes/master [34ms]
2022-11-14 06:52:37.695 [info] > git status -z -uall [214ms]
2022-11-14 06:52:42.952 [info] > git remote --verbose [51ms]
2022-11-14 06:52:42.955 [info] > git for-each-ref --sort -committerdate --format %(refname) %(objectname) %(*objectname) [84ms]
2022-11-14 06:52:42.979 [info] > git config --get commit.template [42ms]
2022-11-14 06:52:43.010 [info] > git for-each-ref --format=%(refname)%00%(upstream:short)%00%(objectname)%00%(upstream:track)%00%(upstream:remotename)%00%(upstream:remoteref) refs/heads/master refs/remotes/master [34ms]
2022-11-14 06:52:43.128 [info] > git status -z -uall [220ms]
2022-11-14 06:52:48.360 [info] > git remote --verbose [41ms]
2022-11-14 06:52:48.361 [info] > git for-each-ref --sort -committerdate --format %(refname) %(objectname) %(*objectname) [61ms]
2022-11-14 06:52:48.383 [info] > git config --get commit.template [26ms]
2022-11-14 06:52:48.415 [info] > git for-each-ref --format=%(refname)%00%(upstream:short)%00%(objectname)%00%(upstream:track)%00%(upstream:remotename)%00%(upstream:remoteref) refs/heads/master refs/remotes/master [33ms]
2022-11-14 06:52:48.557 [info] > git status -z -uall [222ms]
2022-11-14 06:52:53.784 [info] > git remote --verbose [41ms]
2022-11-14 06:52:53.785 [info] > git for-each-ref --sort -committerdate --format %(refname) %(objectname) %(*objectname) [62ms]
2022-11-14 06:52:53.806 [info] > git config --get commit.template [25ms]
2022-11-14 06:52:53.839 [info] > git for-each-ref --format=%(refname)%00%(upstream:short)%00%(objectname)%00%(upstream:track)%00%(upstream:remotename)%00%(upstream:remoteref) refs/heads/master refs/remotes/master [35ms]
2022-11-14 06:52:53.982 [info] > git status -z -uall [223ms]
2022-11-14 06:52:59.229 [info] > git remote --verbose [50ms]
2022-11-14 06:52:59.232 [info] > git for-each-ref --sort -committerdate --format %(refname) %(objectname) %(*objectname) [83ms]
2022-11-14 06:52:59.237 [info] > git config --get commit.template [27ms]
2022-11-14 06:52:59.294 [info] > git for-each-ref --format=%(refname)%00%(upstream:short)%00%(objectname)%00%(upstream:track)%00%(upstream:remotename)%00%(upstream:remoteref) refs/heads/master refs/remotes/master [36ms]
2022-11-14 06:52:59.410 [info] > git status -z -uall [225ms]
2022-11-14 06:53:04.642 [info] > git remote --verbose [42ms]
2022-11-14 06:53:04.643 [info] > git for-each-ref --sort -committerdate --format %(refname) %(objectname) %(*objectname) [64ms]
2022-11-14 06:53:04.667 [info] > git config --get commit.template [29ms]
2022-11-14 06:53:04.696 [info] > git for-each-ref --format=%(refname)%00%(upstream:short)%00%(objectname)%00%(upstream:track)%00%(upstream:remotename)%00%(upstream:remoteref) refs/heads/master refs/remotes/master [33ms]
2022-11-14 06:53:04.831 [info] > git status -z -uall [215ms]
2022-11-14 06:53:10.010 [info] > git for-each-ref --sort -committerdate --format %(refname) %(objectname) %(*objectname) [62ms]
2022-11-14 06:53:10.013 [info] > git remote --verbose [45ms]
2022-11-14 06:53:10.036 [info] > git config --get commit.template [28ms]
2022-11-14 06:53:10.067 [info] > git for-each-ref --format=%(refname)%00%(upstream:short)%00%(objectname)%00%(upstream:track)%00%(upstream:remotename)%00%(upstream:remoteref) refs/heads/master refs/remotes/master [33ms]
2022-11-14 06:53:10.207 [info] > git status -z -uall [221ms]
2022-11-14 06:53:15.421 [info] > git for-each-ref --sort -committerdate --format %(refname) %(objectname) %(*objectname) [64ms]
2022-11-14 06:53:15.423 [info] > git remote --verbose [48ms]
2022-11-14 06:53:15.444 [info] > git config --get commit.template [25ms]
2022-11-14 06:53:15.482 [info] > git for-each-ref --format=%(refname)%00%(upstream:short)%00%(objectname)%00%(upstream:track)%00%(upstream:remotename)%00%(upstream:remoteref) refs/heads/master refs/remotes/master [34ms]
2022-11-14 06:53:15.614 [info] > git status -z -uall [218ms]
2022-11-14 06:53:20.865 [info] > git for-each-ref --sort -committerdate --format %(refname) %(objectname) %(*objectname) [63ms]
2022-11-14 06:53:20.872 [info] > git remote --verbose [70ms]
2022-11-14 06:53:20.878 [info] > git config --get commit.template [30ms]
2022-11-14 06:53:20.935 [info] > git for-each-ref --format=%(refname)%00%(upstream:short)%00%(objectname)%00%(upstream:track)%00%(upstream:remotename)%00%(upstream:remoteref) refs/heads/master refs/remotes/master [34ms]
2022-11-14 06:53:21.041 [info] > git status -z -uall [218ms]
2022-11-14 06:53:26.263 [info] > git remote --verbose [45ms]
2022-11-14 06:53:26.264 [info] > git for-each-ref --sort -committerdate --format %(refname) %(objectname) %(*objectname) [65ms]
2022-11-14 06:53:26.285 [info] > git config --get commit.template [25ms]
2022-11-14 06:53:26.317 [info] > git for-each-ref --format=%(refname)%00%(upstream:short)%00%(objectname)%00%(upstream:track)%00%(upstream:remotename)%00%(upstream:remoteref) refs/heads/master refs/remotes/master [34ms]
2022-11-14 06:53:26.455 [info] > git status -z -uall [219ms]
2022-11-14 06:53:31.683 [info] > git remote --verbose [41ms]
2022-11-14 06:53:31.684 [info] > git for-each-ref --sort -committerdate --format %(refname) %(objectname) %(*objectname) [63ms]
2022-11-14 06:53:31.705 [info] > git config --get commit.template [25ms]
2022-11-14 06:53:31.737 [info] > git for-each-ref --format=%(refname)%00%(upstream:short)%00%(objectname)%00%(upstream:track)%00%(upstream:remotename)%00%(upstream:remoteref) refs/heads/master refs/remotes/master [34ms]
2022-11-14 06:53:31.875 [info] > git status -z -uall [216ms]
2022-11-14 06:53:37.100 [info] > git remote --verbose [46ms]
2022-11-14 06:53:37.101 [info] > git for-each-ref --sort -committerdate --format %(refname) %(objectname) %(*objectname) [67ms]
2022-11-14 06:53:37.122 [info] > git config --get commit.template [24ms]
2022-11-14 06:53:37.154 [info] > git for-each-ref --format=%(refname)%00%(upstream:short)%00%(objectname)%00%(upstream:track)%00%(upstream:remotename)%00%(upstream:remoteref) refs/heads/master refs/remotes/master [34ms]
2022-11-14 06:53:37.288 [info] > git status -z -uall [215ms]
2022-11-14 06:53:42.505 [info] > git remote --verbose [43ms]
2022-11-14 06:53:42.507 [info] > git for-each-ref --sort -committerdate --format %(refname) %(objectname) %(*objectname) [70ms]
2022-11-14 06:53:42.531 [info] > git config --get commit.template [28ms]
2022-11-14 06:53:42.561 [info] > git for-each-ref --format=%(refname)%00%(upstream:short)%00%(objectname)%00%(upstream:track)%00%(upstream:remotename)%00%(upstream:remoteref) refs/heads/master refs/remotes/master [32ms]
2022-11-14 06:53:42.696 [info] > git status -z -uall [216ms]
2022-11-14 06:53:47.928 [info] > git for-each-ref --sort -committerdate --format %(refname) %(objectname) %(*objectname) [63ms]
2022-11-14 06:53:47.932 [info] > git remote --verbose [63ms]
2022-11-14 06:53:47.959 [info] > git config --get commit.template [46ms]
2022-11-14 06:53:47.988 [info] > git for-each-ref --format=%(refname)%00%(upstream:short)%00%(objectname)%00%(upstream:track)%00%(upstream:remotename)%00%(upstream:remoteref) refs/heads/master refs/remotes/master [33ms]
2022-11-14 06:53:48.103 [info] > git status -z -uall [214ms]
2022-11-14 06:53:53.337 [info] > git for-each-ref --sort -committerdate --format %(refname) %(objectname) %(*objectname) [73ms]
2022-11-14 06:53:53.342 [info] > git remote --verbose [55ms]
2022-11-14 06:53:53.365 [info] > git config --get commit.template [32ms]
2022-11-14 06:53:53.396 [info] > git for-each-ref --format=%(refname)%00%(upstream:short)%00%(objectname)%00%(upstream:track)%00%(upstream:remotename)%00%(upstream:remoteref) refs/heads/master refs/remotes/master [33ms]
2022-11-14 06:53:53.519 [info] > git status -z -uall [214ms]
2022-11-14 06:53:58.811 [info] > git for-each-ref --sort -committerdate --format %(refname) %(objectname) %(*objectname) [68ms]
2022-11-14 06:53:58.821 [info] > git config --get commit.template [47ms]
2022-11-14 06:53:58.823 [info] > git remote --verbose [99ms]
2022-11-14 06:53:58.882 [info] > git for-each-ref --format=%(refname)%00%(upstream:short)%00%(objectname)%00%(upstream:track)%00%(upstream:remotename)%00%(upstream:remoteref) refs/heads/master refs/remotes/master [33ms]
2022-11-14 06:53:58.965 [info] > git status -z -uall [221ms]
2022-11-14 06:54:04.317 [info] > git remote --verbose [45ms]
2022-11-14 06:54:04.318 [info] > git for-each-ref --sort -committerdate --format %(refname) %(objectname) %(*objectname) [65ms]
2022-11-14 06:54:04.341 [info] > git config --get commit.template [28ms]
2022-11-14 06:54:04.374 [info] > git for-each-ref --format=%(refname)%00%(upstream:short)%00%(objectname)%00%(upstream:track)%00%(upstream:remotename)%00%(upstream:remoteref) refs/heads/master refs/remotes/master [33ms]
2022-11-14 06:54:04.503 [info] > git status -z -uall [212ms]
2022-11-14 06:54:09.761 [info] > git for-each-ref --sort -committerdate --format %(refname) %(objectname) %(*objectname) [65ms]
2022-11-14 06:54:09.766 [info] > git remote --verbose [67ms]
2022-11-14 06:54:09.771 [info] > git config --get commit.template [25ms]
2022-11-14 06:54:09.829 [info] > git for-each-ref --format=%(refname)%00%(upstream:short)%00%(objectname)%00%(upstream:track)%00%(upstream:remotename)%00%(upstream:remoteref) refs/heads/master refs/remotes/master [34ms]
2022-11-14 06:54:09.937 [info] > git status -z -uall [216ms]
2022-11-14 06:54:15.220 [info] > git remote --verbose [58ms]
2022-11-14 06:54:15.223 [info] > git for-each-ref --sort -committerdate --format %(refname) %(objectname) %(*objectname) [89ms]
2022-11-14 06:54:15.228 [info] > git config --get commit.template [23ms]
2022-11-14 06:54:15.285 [info] > git for-each-ref --format=%(refname)%00%(upstream:short)%00%(objectname)%00%(upstream:track)%00%(upstream:remotename)%00%(upstream:remoteref) refs/heads/master refs/remotes/master [33ms]
2022-11-14 06:54:15.395 [info] > git status -z -uall [221ms]
2022-11-14 06:54:20.633 [info] > git remote --verbose [43ms]
2022-11-14 06:54:20.634 [info] > git for-each-ref --sort -committerdate --format %(refname) %(objectname) %(*objectname) [64ms]
2022-11-14 06:54:20.656 [info] > git config --get commit.template [26ms]
2022-11-14 06:54:20.687 [info] > git for-each-ref --format=%(refname)%00%(upstream:short)%00%(objectname)%00%(upstream:track)%00%(upstream:remotename)%00%(upstream:remoteref) refs/heads/master refs/remotes/master [33ms]
2022-11-14 06:54:20.827 [info] > git status -z -uall [219ms]
2022-11-14 06:54:26.034 [info] > git remote --verbose [45ms]
2022-11-14 06:54:26.035 [info] > git for-each-ref --sort -committerdate --format %(refname) %(objectname) %(*objectname) [65ms]
2022-11-14 06:54:26.058 [info] > git config --get commit.template [27ms]
2022-11-14 06:54:26.089 [info] > git for-each-ref --format=%(refname)%00%(upstream:short)%00%(objectname)%00%(upstream:track)%00%(upstream:remotename)%00%(upstream:remoteref) refs/heads/master refs/remotes/master [33ms]
2022-11-14 06:54:26.222 [info] > git status -z -uall [216ms]
2022-11-14 06:54:31.442 [info] > git remote --verbose [44ms]
2022-11-14 06:54:31.444 [info] > git for-each-ref --sort -committerdate --format %(refname) %(objectname) %(*objectname) [68ms]
2022-11-14 06:54:31.466 [info] > git config --get commit.template [27ms]
2022-11-14 06:54:31.497 [info] > git for-each-ref --format=%(refname)%00%(upstream:short)%00%(objectname)%00%(upstream:track)%00%(upstream:remotename)%00%(upstream:remoteref) refs/heads/master refs/remotes/master [33ms]
2022-11-14 06:54:31.629 [info] > git status -z -uall [213ms]
2022-11-14 06:54:36.844 [info] > git remote --verbose [43ms]
2022-11-14 06:54:36.847 [info] > git for-each-ref --sort -committerdate --format %(refname) %(objectname) %(*objectname) [64ms]
2022-11-14 06:54:36.872 [info] > git config --get commit.template [32ms]
2022-11-14 06:54:36.902 [info] > git for-each-ref --format=%(refname)%00%(upstream:short)%00%(objectname)%00%(upstream:track)%00%(upstream:remotename)%00%(upstream:remoteref) refs/heads/master refs/remotes/master [33ms]
2022-11-14 06:54:37.033 [info] > git status -z -uall [214ms]
2022-11-14 06:54:42.250 [info] > git remote --verbose [46ms]
2022-11-14 06:54:42.252 [info] > git for-each-ref --sort -committerdate --format %(refname) %(objectname) %(*objectname) [67ms]
2022-11-14 06:54:42.277 [info] > git config --get commit.template [32ms]
2022-11-14 06:54:42.307 [info] > git for-each-ref --format=%(refname)%00%(upstream:short)%00%(objectname)%00%(upstream:track)%00%(upstream:remotename)%00%(upstream:remoteref) refs/heads/master refs/remotes/master [33ms]
2022-11-14 06:54:42.453 [info] > git status -z -uall [235ms]
2022-11-14 06:54:47.835 [info] > git for-each-ref --sort -committerdate --format %(refname) %(objectname) %(*objectname) [63ms]
2022-11-14 06:54:47.843 [info] > git remote --verbose [70ms]
2022-11-14 06:54:47.849 [info] > git config --get commit.template [31ms]
2022-11-14 06:54:47.904 [info] > git for-each-ref --format=%(refname)%00%(upstream:short)%00%(objectname)%00%(upstream:track)%00%(upstream:remotename)%00%(upstream:remoteref) refs/heads/master refs/remotes/master [34ms]
2022-11-14 06:54:48.009 [info] > git status -z -uall [217ms]
2022-11-14 06:54:53.236 [info] > git for-each-ref --sort -committerdate --format %(refname) %(objectname) %(*objectname) [62ms]
2022-11-14 06:54:53.238 [info] > git remote --verbose [48ms]
2022-11-14 06:54:53.259 [info] > git config --get commit.template [25ms]
2022-11-14 06:54:53.290 [info] > git for-each-ref --format=%(refname)%00%(upstream:short)%00%(objectname)%00%(upstream:track)%00%(upstream:remotename)%00%(upstream:remoteref) refs/heads/master refs/remotes/master [33ms]
2022-11-14 06:54:53.456 [info] > git status -z -uall [245ms]
2022-11-14 06:54:58.829 [info] > git remote --verbose [43ms]
2022-11-14 06:54:58.831 [info] > git for-each-ref --sort -committerdate --format %(refname) %(objectname) %(*objectname) [77ms]
2022-11-14 06:54:58.860 [info] > git config --get commit.template [47ms]
2022-11-14 06:54:58.889 [info] > git for-each-ref --format=%(refname)%00%(upstream:short)%00%(objectname)%00%(upstream:track)%00%(upstream:remotename)%00%(upstream:remoteref) refs/heads/master refs/remotes/master [33ms]
2022-11-14 06:54:59.004 [info] > git status -z -uall [217ms]
2022-11-14 06:55:04.233 [info] > git remote --verbose [44ms]
2022-11-14 06:55:04.234 [info] > git for-each-ref --sort -committerdate --format %(refname) %(objectname) %(*objectname) [64ms]
2022-11-14 06:55:04.254 [info] > git config --get commit.template [24ms]
2022-11-14 06:55:04.287 [info] > git for-each-ref --format=%(refname)%00%(upstream:short)%00%(objectname)%00%(upstream:track)%00%(upstream:remotename)%00%(upstream:remoteref) refs/heads/master refs/remotes/master [35ms]
2022-11-14 06:55:04.437 [info] > git status -z -uall [230ms]
2022-11-14 06:55:09.845 [info] > git for-each-ref --sort -committerdate --format %(refname) %(objectname) %(*objectname) [70ms]
2022-11-14 06:55:09.854 [info] > git config --get commit.template [42ms]
2022-11-14 06:55:09.856 [info] > git remote --verbose [97ms]
2022-11-14 06:55:09.920 [info] > git for-each-ref --format=%(refname)%00%(upstream:short)%00%(objectname)%00%(upstream:track)%00%(upstream:remotename)%00%(upstream:remoteref) refs/heads/master refs/remotes/master [36ms]
2022-11-14 06:55:10.000 [info] > git status -z -uall [220ms]
2022-11-14 06:55:15.275 [info] > git remote --verbose [51ms]
2022-11-14 06:55:15.276 [info] > git for-each-ref --sort -committerdate --format %(refname) %(objectname) %(*objectname) [72ms]
2022-11-14 06:55:15.298 [info] > git config --get commit.template [26ms]
2022-11-14 06:55:15.332 [info] > git for-each-ref --format=%(refname)%00%(upstream:short)%00%(objectname)%00%(upstream:track)%00%(upstream:remotename)%00%(upstream:remoteref) refs/heads/master refs/remotes/master [34ms]
2022-11-14 06:55:15.451 [info] > git status -z -uall [212ms]
2022-11-14 06:55:20.679 [info] > git config --get commit.template [30ms]
2022-11-14 06:55:20.681 [info] > git remote --verbose [69ms]
2022-11-14 06:55:20.682 [info] > git for-each-ref --sort -committerdate --format %(refname) %(objectname) %(*objectname) [89ms]
2022-11-14 06:55:20.737 [info] > git for-each-ref --format=%(refname)%00%(upstream:short)%00%(objectname)%00%(upstream:track)%00%(upstream:remotename)%00%(upstream:remoteref) refs/heads/master refs/remotes/master [34ms]
2022-11-14 06:55:20.860 [info] > git status -z -uall [232ms]
2022-11-14 06:55:26.290 [info] > git for-each-ref --sort -committerdate --format %(refname) %(objectname) %(*objectname) [64ms]
2022-11-14 06:55:26.297 [info] > git remote --verbose [70ms]
2022-11-14 06:55:26.303 [info] > git config --get commit.template [31ms]
2022-11-14 06:55:26.355 [info] > git for-each-ref --format=%(refname)%00%(upstream:short)%00%(objectname)%00%(upstream:track)%00%(upstream:remotename)%00%(upstream:remoteref) refs/heads/master refs/remotes/master [33ms]
2022-11-14 06:55:26.472 [info] > git status -z -uall [227ms]
2022-11-14 06:55:31.698 [info] > git for-each-ref --sort -committerdate --format %(refname) %(objectname) %(*objectname) [63ms]
2022-11-14 06:55:31.700 [info] > git remote --verbose [45ms]
2022-11-14 06:55:31.721 [info] > git config --get commit.template [25ms]
2022-11-14 06:55:31.753 [info] > git for-each-ref --format=%(refname)%00%(upstream:short)%00%(objectname)%00%(upstream:track)%00%(upstream:remotename)%00%(upstream:remoteref) refs/heads/master refs/remotes/master [34ms]
2022-11-14 06:55:31.897 [info] > git status -z -uall [223ms]
2022-11-14 06:55:37.088 [info] > git remote --verbose [45ms]
2022-11-14 06:55:37.089 [info] > git for-each-ref --sort -committerdate --format %(refname) %(objectname) %(*objectname) [63ms]
2022-11-14 06:55:37.112 [info] > git config --get commit.template [28ms]
2022-11-14 06:55:37.142 [info] > git for-each-ref --format=%(refname)%00%(upstream:short)%00%(objectname)%00%(upstream:track)%00%(upstream:remotename)%00%(upstream:remoteref) refs/heads/master refs/remotes/master [32ms]
2022-11-14 06:55:37.275 [info] > git status -z -uall [215ms]
2022-11-14 06:55:42.501 [info] > git for-each-ref --sort -committerdate --format %(refname) %(objectname) %(*objectname) [64ms]
2022-11-14 06:55:42.504 [info] > git remote --verbose [51ms]
2022-11-14 06:55:42.526 [info] > git config --get commit.template [27ms]
2022-11-14 06:55:42.557 [info] > git for-each-ref --format=%(refname)%00%(upstream:short)%00%(objectname)%00%(upstream:track)%00%(upstream:remotename)%00%(upstream:remoteref) refs/heads/master refs/remotes/master [33ms]
2022-11-14 06:55:42.710 [info] > git status -z -uall [237ms]
2022-11-14 06:55:48.089 [info] > git for-each-ref --sort -committerdate --format %(refname) %(objectname) %(*objectname) [62ms]
2022-11-14 06:55:48.096 [info] > git remote --verbose [69ms]
2022-11-14 06:55:48.102 [info] > git config --get commit.template [31ms]
2022-11-14 06:55:48.158 [info] > git for-each-ref --format=%(refname)%00%(upstream:short)%00%(objectname)%00%(upstream:track)%00%(upstream:remotename)%00%(upstream:remoteref) refs/heads/master refs/remotes/master [33ms]
2022-11-14 06:55:48.268 [info] > git status -z -uall [223ms]
2022-11-14 06:55:53.491 [info] > git remote --verbose [43ms]
2022-11-14 06:55:53.493 [info] > git for-each-ref --sort -committerdate --format %(refname) %(objectname) %(*objectname) [64ms]
2022-11-14 06:55:53.515 [info] > git config --get commit.template [27ms]
2022-11-14 06:55:53.546 [info] > git for-each-ref --format=%(refname)%00%(upstream:short)%00%(objectname)%00%(upstream:track)%00%(upstream:remotename)%00%(upstream:remoteref) refs/heads/master refs/remotes/master [33ms]
2022-11-14 06:55:53.688 [info] > git status -z -uall [223ms]
2022-11-14 06:56:14.681 [info] > git for-each-ref --sort -committerdate --format %(refname) %(objectname) %(*objectname) [74ms]
2022-11-14 06:56:14.684 [info] > git remote --verbose [53ms]
2022-11-14 06:56:14.715 [info] > git config --get commit.template [36ms]
2022-11-14 06:56:14.750 [info] > git for-each-ref --format=%(refname)%00%(upstream:short)%00%(objectname)%00%(upstream:track)%00%(upstream:remotename)%00%(upstream:remoteref) refs/heads/master refs/remotes/master [36ms]
2022-11-14 06:56:14.878 [info] > git status -z -uall [224ms]
2022-11-14 06:56:20.046 [info] > git for-each-ref --sort -committerdate --format %(refname) %(objectname) %(*objectname) [59ms]
2022-11-14 06:56:20.049 [info] > git remote --verbose [45ms]
2022-11-14 06:56:20.071 [info] > git config --get commit.template [26ms]
2022-11-14 06:56:20.103 [info] > git for-each-ref --format=%(refname)%00%(upstream:short)%00%(objectname)%00%(upstream:track)%00%(upstream:remotename)%00%(upstream:remoteref) refs/heads/master refs/remotes/master [34ms]
2022-11-14 06:56:20.244 [info] > git status -z -uall [223ms]
2022-11-14 06:56:25.472 [info] > git for-each-ref --sort -committerdate --format %(refname) %(objectname) %(*objectname) [91ms]
2022-11-14 06:56:25.477 [info] > git remote --verbose [85ms]
2022-11-14 06:56:25.481 [info] > git config --get commit.template [24ms]
2022-11-14 06:56:25.537 [info] > git for-each-ref --format=%(refname)%00%(upstream:short)%00%(objectname)%00%(upstream:track)%00%(upstream:remotename)%00%(upstream:remoteref) refs/heads/master refs/remotes/master [34ms]
2022-11-14 06:56:25.728 [info] > git status -z -uall [309ms]
2022-11-14 06:56:25.900 [info] > git check-ignore -v -z --stdin [182ms]
2022-11-14 06:56:30.994 [info] > git for-each-ref --sort -committerdate --format %(refname) %(objectname) %(*objectname) [49ms]
2022-11-14 06:56:31.020 [info] > git remote --verbose [51ms]
2022-11-14 06:56:31.043 [info] > git config --get commit.template [25ms]
2022-11-14 06:56:31.074 [info] > git for-each-ref --format=%(refname)%00%(upstream:short)%00%(objectname)%00%(upstream:track)%00%(upstream:remotename)%00%(upstream:remoteref) refs/heads/master refs/remotes/master [34ms]
2022-11-14 06:56:31.205 [info] > git status -z -uall [217ms]
2022-11-14 06:56:36.390 [info] > git for-each-ref --sort -committerdate --format %(refname) %(objectname) %(*objectname) [52ms]
2022-11-14 06:56:36.416 [info] > git remote --verbose [55ms]
2022-11-14 06:56:36.445 [info] > git config --get commit.template [30ms]
2022-11-14 06:56:36.474 [info] > git for-each-ref --format=%(refname)%00%(upstream:short)%00%(objectname)%00%(upstream:track)%00%(upstream:remotename)%00%(upstream:remoteref) refs/heads/master refs/remotes/master [35ms]
2022-11-14 06:56:36.609 [info] > git status -z -uall [224ms]
2022-11-14 06:56:41.830 [info] > git remote --verbose [47ms]
2022-11-14 06:56:41.831 [info] > git for-each-ref --sort -committerdate --format %(refname) %(objectname) %(*objectname) [68ms]
2022-11-14 06:56:41.908 [info] > git config --get commit.template [81ms]
2022-11-14 06:56:41.914 [info] > git for-each-ref --format=%(refname)%00%(upstream:short)%00%(objectname)%00%(upstream:track)%00%(upstream:remotename)%00%(upstream:remoteref) refs/heads/master refs/remotes/master [38ms]
2022-11-14 06:56:42.043 [info] > git status -z -uall [241ms]
2022-11-14 06:56:47.268 [info] > git remote --verbose [56ms]
2022-11-14 06:56:47.270 [info] > git for-each-ref --sort -committerdate --format %(refname) %(objectname) %(*objectname) [79ms]
2022-11-14 06:56:47.296 [info] > git config --get commit.template [30ms]
2022-11-14 06:56:47.328 [info] > git for-each-ref --format=%(refname)%00%(upstream:short)%00%(objectname)%00%(upstream:track)%00%(upstream:remotename)%00%(upstream:remoteref) refs/heads/master refs/remotes/master [34ms]
2022-11-14 06:56:47.466 [info] > git status -z -uall [224ms]
2022-11-14 06:56:52.659 [info] > git remote --verbose [45ms]
2022-11-14 06:56:52.661 [info] > git for-each-ref --sort -committerdate --format %(refname) %(objectname) %(*objectname) [73ms]
2022-11-14 06:56:52.694 [info] > git config --get commit.template [38ms]
2022-11-14 06:56:52.725 [info] > git for-each-ref --format=%(refname)%00%(upstream:short)%00%(objectname)%00%(upstream:track)%00%(upstream:remotename)%00%(upstream:remoteref) refs/heads/master refs/remotes/master [34ms]
2022-11-14 06:56:52.852 [info] > git status -z -uall [219ms]
2022-11-14 06:56:58.075 [info] > git for-each-ref --sort -committerdate --format %(refname) %(objectname) %(*objectname) [68ms]
2022-11-14 06:56:58.078 [info] > git remote --verbose [50ms]
2022-11-14 06:56:58.103 [info] > git config --get commit.template [29ms]
2022-11-14 06:56:58.135 [info] > git for-each-ref --format=%(refname)%00%(upstream:short)%00%(objectname)%00%(upstream:track)%00%(upstream:remotename)%00%(upstream:remoteref) refs/heads/master refs/remotes/master [35ms]
2022-11-14 06:56:58.268 [info] > git status -z -uall [218ms]
2022-11-14 06:57:03.492 [info] > git for-each-ref --sort -committerdate --format %(refname) %(objectname) %(*objectname) [67ms]
2022-11-14 06:57:03.495 [info] > git remote --verbose [48ms]
2022-11-14 06:57:03.517 [info] > git config --get commit.template [27ms]
2022-11-14 06:57:03.556 [info] > git for-each-ref --format=%(refname)%00%(upstream:short)%00%(objectname)%00%(upstream:track)%00%(upstream:remotename)%00%(upstream:remoteref) refs/heads/master refs/remotes/master [34ms]
2022-11-14 06:57:03.690 [info] > git status -z -uall [224ms]
2022-11-14 06:57:08.917 [info] > git for-each-ref --sort -committerdate --format %(refname) %(objectname) %(*objectname) [70ms]
2022-11-14 06:57:08.920 [info] > git remote --verbose [50ms]
2022-11-14 06:57:08.954 [info] > git config --get commit.template [40ms]
2022-11-14 06:57:08.984 [info] > git for-each-ref --format=%(refname)%00%(upstream:short)%00%(objectname)%00%(upstream:track)%00%(upstream:remotename)%00%(upstream:remoteref) refs/heads/master refs/remotes/master [34ms]
2022-11-14 06:57:09.117 [info] > git status -z -uall [225ms]
2022-11-14 06:57:14.338 [info] > git for-each-ref --sort -committerdate --format %(refname) %(objectname) %(*objectname) [67ms]
2022-11-14 06:57:14.344 [info] > git remote --verbose [49ms]
2022-11-14 06:57:14.375 [info] > git config --get commit.template [38ms]
2022-11-14 06:57:14.524 [info] > git for-each-ref --format=%(refname)%00%(upstream:short)%00%(objectname)%00%(upstream:track)%00%(upstream:remotename)%00%(upstream:remoteref) refs/heads/master refs/remotes/master [129ms]
2022-11-14 06:57:14.552 [info] > git status -z -uall [239ms]
2022-11-14 06:57:19.856 [info] > git for-each-ref --sort -committerdate --format %(refname) %(objectname) %(*objectname) [71ms]
2022-11-14 06:57:19.860 [info] > git remote --verbose [58ms]
2022-11-14 06:57:19.892 [info] > git config --get commit.template [37ms]
2022-11-14 06:57:19.924 [info] > git for-each-ref --format=%(refname)%00%(upstream:short)%00%(objectname)%00%(upstream:track)%00%(upstream:remotename)%00%(upstream:remoteref) refs/heads/master refs/remotes/master [35ms]
2022-11-14 06:57:20.049 [info] > git status -z -uall [228ms]
2022-11-14 06:57:25.256 [info] > git for-each-ref --sort -committerdate --format %(refname) %(objectname) %(*objectname) [63ms]
2022-11-14 06:57:25.258 [info] > git remote --verbose [45ms]
2022-11-14 06:57:25.284 [info] > git config --get commit.template [29ms]
2022-11-14 06:57:25.317 [info] > git for-each-ref --format=%(refname)%00%(upstream:short)%00%(objectname)%00%(upstream:track)%00%(upstream:remotename)%00%(upstream:remoteref) refs/heads/master refs/remotes/master [35ms]
2022-11-14 06:57:25.461 [info] > git status -z -uall [228ms]
2022-11-14 06:57:30.712 [info] > git remote --verbose [30ms]
2022-11-14 06:57:30.713 [info] > git for-each-ref --sort -committerdate --format %(refname) %(objectname) %(*objectname) [53ms]
2022-11-14 06:57:30.774 [info] > git config --get commit.template [35ms]
2022-11-14 06:57:30.814 [info] > git for-each-ref --format=%(refname)%00%(upstream:short)%00%(objectname)%00%(upstream:track)%00%(upstream:remotename)%00%(upstream:remoteref) refs/heads/master refs/remotes/master [41ms]
2022-11-14 06:57:30.931 [info] > git status -z -uall [224ms]
2022-11-14 06:57:36.165 [info] > git for-each-ref --sort -committerdate --format %(refname) %(objectname) %(*objectname) [71ms]
2022-11-14 06:57:36.167 [info] > git remote --verbose [50ms]
2022-11-14 06:57:36.193 [info] > git config --get commit.template [29ms]
2022-11-14 06:57:36.227 [info] > git for-each-ref --format=%(refname)%00%(upstream:short)%00%(objectname)%00%(upstream:track)%00%(upstream:remotename)%00%(upstream:remoteref) refs/heads/master refs/remotes/master [36ms]
2022-11-14 06:57:36.359 [info] > git status -z -uall [221ms]
2022-11-14 06:57:41.617 [info] > git remote --verbose [52ms]
2022-11-14 06:57:41.621 [info] > git for-each-ref --sort -committerdate --format %(refname) %(objectname) %(*objectname) [92ms]
2022-11-14 06:57:41.660 [info] > git config --get commit.template [63ms]
2022-11-14 06:57:41.688 [info] > git for-each-ref --format=%(refname)%00%(upstream:short)%00%(objectname)%00%(upstream:track)%00%(upstream:remotename)%00%(upstream:remoteref) refs/heads/master refs/remotes/master [33ms]
2022-11-14 06:57:41.799 [info] > git status -z -uall [230ms]
2022-11-14 06:57:47.063 [info] > git for-each-ref --sort -committerdate --format %(refname) %(objectname) %(*objectname) [65ms]
2022-11-14 06:57:47.066 [info] > git remote --verbose [49ms]
2022-11-14 06:57:47.103 [info] > git config --get commit.template [43ms]
2022-11-14 06:57:47.133 [info] > git for-each-ref --format=%(refname)%00%(upstream:short)%00%(objectname)%00%(upstream:track)%00%(upstream:remotename)%00%(upstream:remoteref) refs/heads/master refs/remotes/master [35ms]
2022-11-14 06:57:47.264 [info] > git status -z -uall [227ms]
2022-11-14 06:57:52.006 [info] > git check-ignore -v -z --stdin [27ms]
2022-11-14 06:57:52.504 [info] > git remote --verbose [62ms]
2022-11-14 06:57:52.508 [info] > git for-each-ref --sort -committerdate --format %(refname) %(objectname) %(*objectname) [114ms]
2022-11-14 06:57:52.519 [info] > git config --get commit.template [42ms]
2022-11-14 06:57:52.584 [info] > git for-each-ref --format=%(refname)%00%(upstream:short)%00%(objectname)%00%(upstream:track)%00%(upstream:remotename)%00%(upstream:remoteref) refs/heads/master refs/remotes/master [36ms]
2022-11-14 06:57:52.666 [info] > git status -z -uall [221ms]
2022-11-14 06:57:56.096 [info] > git check-ignore -v -z --stdin [32ms]
2022-11-14 06:57:57.872 [info] > git for-each-ref --sort -committerdate --format %(refname) %(objectname) %(*objectname) [78ms]
2022-11-14 06:57:57.875 [info] > git remote --verbose [72ms]
2022-11-14 06:57:57.905 [info] > git config --get commit.template [44ms]
2022-11-14 06:57:57.935 [info] > git for-each-ref --format=%(refname)%00%(upstream:short)%00%(objectname)%00%(upstream:track)%00%(upstream:remotename)%00%(upstream:remoteref) refs/heads/master refs/remotes/master [34ms]
2022-11-14 06:57:58.043 [info] > git check-ignore -v -z --stdin [31ms]
2022-11-14 06:57:58.063 [info] > git check-ignore -v -z --stdin [30ms]
2022-11-14 06:57:58.066 [info] > git status -z -uall [237ms]
2022-11-14 06:58:03.312 [info] > git for-each-ref --sort -committerdate --format %(refname) %(objectname) %(*objectname) [77ms]
2022-11-14 06:58:03.315 [info] > git remote --verbose [57ms]
2022-11-14 06:58:03.340 [info] > git config --get commit.template [31ms]
2022-11-14 06:58:03.373 [info] > git for-each-ref --format=%(refname)%00%(upstream:short)%00%(objectname)%00%(upstream:track)%00%(upstream:remotename)%00%(upstream:remoteref) refs/heads/master refs/remotes/master [35ms]
2022-11-14 06:58:03.506 [info] > git status -z -uall [219ms]
2022-11-14 06:58:08.705 [info] > git for-each-ref --sort -committerdate --format %(refname) %(objectname) %(*objectname) [50ms]
2022-11-14 06:58:08.733 [info] > git remote --verbose [53ms]
2022-11-14 06:58:08.756 [info] > git config --get commit.template [27ms]
2022-11-14 06:58:08.789 [info] > git for-each-ref --format=%(refname)%00%(upstream:short)%00%(objectname)%00%(upstream:track)%00%(upstream:remotename)%00%(upstream:remoteref) refs/heads/master refs/remotes/master [34ms]
2022-11-14 06:58:08.920 [info] > git status -z -uall [221ms]
2022-11-14 06:58:14.145 [info] > git remote --verbose [51ms]
2022-11-14 06:58:14.149 [info] > git for-each-ref --sort -committerdate --format %(refname) %(objectname) %(*objectname) [89ms]
2022-11-14 06:58:14.154 [info] > git config --get commit.template [26ms]
2022-11-14 06:58:14.214 [info] > git for-each-ref --format=%(refname)%00%(upstream:short)%00%(objectname)%00%(upstream:track)%00%(upstream:remotename)%00%(upstream:remoteref) refs/heads/master refs/remotes/master [34ms]
2022-11-14 06:58:14.324 [info] > git status -z -uall [222ms]
2022-11-14 06:58:19.566 [info] > git remote --verbose [48ms]
2022-11-14 06:58:19.568 [info] > git for-each-ref --sort -committerdate --format %(refname) %(objectname) %(*objectname) [73ms]
2022-11-14 06:58:19.602 [info] > git config --get commit.template [40ms]
2022-11-14 06:58:19.634 [info] > git for-each-ref --format=%(refname)%00%(upstream:short)%00%(objectname)%00%(upstream:track)%00%(upstream:remotename)%00%(upstream:remoteref) refs/heads/master refs/remotes/master [38ms]
2022-11-14 06:58:19.756 [info] > git status -z -uall [221ms]
2022-11-14 06:58:25.068 [info] > git for-each-ref --sort -committerdate --format %(refname) %(objectname) %(*objectname) [78ms]
2022-11-14 06:58:25.073 [info] > git remote --verbose [79ms]
2022-11-14 06:58:25.080 [info] > git config --get commit.template [29ms]
2022-11-14 06:58:25.144 [info] > git for-each-ref --format=%(refname)%00%(upstream:short)%00%(objectname)%00%(upstream:track)%00%(upstream:remotename)%00%(upstream:remoteref) refs/heads/master refs/remotes/master [38ms]
2022-11-14 06:58:25.244 [info] > git status -z -uall [229ms]
2022-11-14 06:58:30.492 [info] > git remote --verbose [57ms]
2022-11-14 06:58:30.495 [info] > git for-each-ref --sort -committerdate --format %(refname) %(objectname) %(*objectname) [100ms]
2022-11-14 06:58:30.500 [info] > git config --get commit.template [28ms]
2022-11-14 06:58:30.563 [info] > git for-each-ref --format=%(refname)%00%(upstream:short)%00%(objectname)%00%(upstream:track)%00%(upstream:remotename)%00%(upstream:remoteref) refs/heads/master refs/remotes/master [38ms]
2022-11-14 06:58:30.663 [info] > git status -z -uall [221ms]
2022-11-14 06:58:35.860 [info] > git for-each-ref --sort -committerdate --format %(refname) %(objectname) %(*objectname) [62ms]
2022-11-14 06:58:35.862 [info] > git remote --verbose [49ms]
2022-11-14 06:58:35.884 [info] > git config --get commit.template [28ms]
2022-11-14 06:58:35.915 [info] > git for-each-ref --format=%(refname)%00%(upstream:short)%00%(objectname)%00%(upstream:track)%00%(upstream:remotename)%00%(upstream:remoteref) refs/heads/master refs/remotes/master [34ms]
2022-11-14 06:58:36.051 [info] > git status -z -uall [217ms]
2022-11-14 06:58:41.243 [info] > git for-each-ref --sort -committerdate --format %(refname) %(objectname) %(*objectname) [63ms]
2022-11-14 06:58:41.246 [info] > git remote --verbose [49ms]
2022-11-14 06:58:41.269 [info] > git config --get commit.template [30ms]
2022-11-14 06:58:41.300 [info] > git for-each-ref --format=%(refname)%00%(upstream:short)%00%(objectname)%00%(upstream:track)%00%(upstream:remotename)%00%(upstream:remoteref) refs/heads/master refs/remotes/master [33ms]
2022-11-14 06:58:41.432 [info] > git status -z -uall [216ms]
2022-11-14 06:58:46.610 [info] > git remote --verbose [45ms]
2022-11-14 06:58:46.611 [info] > git for-each-ref --sort -committerdate --format %(refname) %(objectname) %(*objectname) [62ms]
2022-11-14 06:58:46.635 [info] > git config --get commit.template [29ms]
2022-11-14 06:58:46.666 [info] > git for-each-ref --format=%(refname)%00%(upstream:short)%00%(objectname)%00%(upstream:track)%00%(upstream:remotename)%00%(upstream:remoteref) refs/heads/master refs/remotes/master [33ms]
2022-11-14 06:58:46.795 [info] > git status -z -uall [213ms]
2022-11-14 06:58:52.033 [info] > git remote --verbose [47ms]
2022-11-14 06:58:52.034 [info] > git for-each-ref --sort -committerdate --format %(refname) %(objectname) %(*objectname) [74ms]
2022-11-14 06:58:52.057 [info] > git config --get commit.template [27ms]
2022-11-14 06:58:52.089 [info] > git for-each-ref --format=%(refname)%00%(upstream:short)%00%(objectname)%00%(upstream:track)%00%(upstream:remotename)%00%(upstream:remoteref) refs/heads/master refs/remotes/master [34ms]
2022-11-14 06:58:52.227 [info] > git status -z -uall [223ms]
2022-11-14 06:58:57.447 [info] > git remote --verbose [52ms]
2022-11-14 06:58:57.449 [info] > git for-each-ref --sort -committerdate --format %(refname) %(objectname) %(*objectname) [74ms]
2022-11-14 06:58:57.484 [info] > git config --get commit.template [39ms]
2022-11-14 06:58:57.513 [info] > git for-each-ref --format=%(refname)%00%(upstream:short)%00%(objectname)%00%(upstream:track)%00%(upstream:remotename)%00%(upstream:remoteref) refs/heads/master refs/remotes/master [34ms]
2022-11-14 06:58:57.641 [info] > git status -z -uall [220ms]
2022-11-14 06:59:02.854 [info] > git for-each-ref --sort -committerdate --format %(refname) %(objectname) %(*objectname) [66ms]
2022-11-14 06:59:02.857 [info] > git remote --verbose [49ms]
2022-11-14 06:59:02.904 [info] > git config --get commit.template [51ms]
2022-11-14 06:59:02.935 [info] > git for-each-ref --format=%(refname)%00%(upstream:short)%00%(objectname)%00%(upstream:track)%00%(upstream:remotename)%00%(upstream:remoteref) refs/heads/master refs/remotes/master [33ms]
2022-11-14 06:59:03.058 [info] > git status -z -uall [228ms]
2022-11-14 06:59:08.285 [info] > git remote --verbose [53ms]
2022-11-14 06:59:08.288 [info] > git for-each-ref --sort -committerdate --format %(refname) %(objectname) %(*objectname) [105ms]
2022-11-14 06:59:08.293 [info] > git config --get commit.template [34ms]
2022-11-14 06:59:08.356 [info] > git for-each-ref --format=%(refname)%00%(upstream:short)%00%(objectname)%00%(upstream:track)%00%(upstream:remotename)%00%(upstream:remoteref) refs/heads/master refs/remotes/master [39ms]
2022-11-14 06:59:08.461 [info] > git status -z -uall [230ms]
2022-11-14 06:59:13.724 [info] > git remote --verbose [64ms]
2022-11-14 06:59:13.726 [info] > git for-each-ref --sort -committerdate --format %(refname) %(objectname) %(*objectname) [91ms]
2022-11-14 06:59:13.757 [info] > git config --get commit.template [41ms]
2022-11-14 06:59:13.788 [info] > git for-each-ref --format=%(refname)%00%(upstream:short)%00%(objectname)%00%(upstream:track)%00%(upstream:remotename)%00%(upstream:remoteref) refs/heads/master refs/remotes/master [34ms]
2022-11-14 06:59:13.914 [info] > git status -z -uall [225ms]
2022-11-14 06:59:19.165 [info] > git for-each-ref --sort -committerdate --format %(refname) %(objectname) %(*objectname) [78ms]
2022-11-14 06:59:19.167 [info] > git remote --verbose [51ms]
2022-11-14 06:59:19.191 [info] > git config --get commit.template [28ms]
2022-11-14 06:59:19.222 [info] > git for-each-ref --format=%(refname)%00%(upstream:short)%00%(objectname)%00%(upstream:track)%00%(upstream:remotename)%00%(upstream:remoteref) refs/heads/master refs/remotes/master [33ms]
2022-11-14 06:59:19.376 [info] > git status -z -uall [236ms]
2022-11-14 06:59:24.769 [info] > git for-each-ref --sort -committerdate --format %(refname) %(objectname) %(*objectname) [80ms]
2022-11-14 06:59:24.773 [info] > git remote --verbose [74ms]
2022-11-14 06:59:24.799 [info] > git config --get commit.template [44ms]
2022-11-14 06:59:24.833 [info] > git for-each-ref --format=%(refname)%00%(upstream:short)%00%(objectname)%00%(upstream:track)%00%(upstream:remotename)%00%(upstream:remoteref) refs/heads/master refs/remotes/master [36ms]
