2022-11-14 05:43:20.801 [info] Validating found git in: git
2022-11-14 05:43:20.801 [info] Using git 2.25.1 from git
2022-11-14 05:43:20.802 [info] > git rev-parse --show-toplevel [71ms]
2022-11-14 05:43:21.015 [info] > git rev-parse --git-dir --git-common-dir [212ms]
2022-11-14 05:43:21.071 [info] Log level: Info
2022-11-14 05:43:21.071 [info] Open repository: /root/holbertonschool-printf
2022-11-14 05:43:21.198 [info] > git status -z -uall [76ms]
2022-11-14 05:43:21.206 [info] > git remote --verbose [102ms]
2022-11-14 05:43:21.216 [info] > git for-each-ref --sort -committerdate --format %(refname) %(objectname) %(*objectname) [123ms]
2022-11-14 05:43:21.247 [info] > git config --get commit.template [44ms]
2022-11-14 05:43:21.258 [info] > git rev-parse --show-toplevel [110ms]
2022-11-14 05:43:21.309 [info] > git rev-parse --git-dir --git-common-dir [28ms]
2022-11-14 05:43:21.331 [info] Log level: Info
2022-11-14 05:43:21.332 [info] Open repository: /root/holbertonschool-low_level_programming/holbertonschool-low_level_programming
2022-11-14 05:43:21.428 [info] > git remote --verbose [64ms]
2022-11-14 05:43:21.441 [info] > git for-each-ref --sort -committerdate --format %(refname) %(objectname) %(*objectname) [89ms]
2022-11-14 05:43:21.453 [info] > git for-each-ref --format=%(refname)%00%(upstream:short)%00%(objectname)%00%(upstream:track)%00%(upstream:remotename)%00%(upstream:remoteref) refs/heads/master refs/remotes/master [153ms]
2022-11-14 05:43:21.568 [info] > git status -z -uall [198ms]
2022-11-14 05:43:21.568 [info] > git status -z -uall [51ms]
2022-11-14 05:43:21.576 [info] > git config --get commit.template [159ms]
2022-11-14 05:43:21.581 [info] > git rev-parse --show-toplevel [187ms]
2022-11-14 05:43:21.601 [info] > git config --get commit.template [53ms]
2022-11-14 05:43:21.607 [info] > git remote --verbose [95ms]
2022-11-14 05:43:21.610 [info] > git for-each-ref --sort -committerdate --format %(refname) %(objectname) %(*objectname) [108ms]
2022-11-14 05:43:21.641 [info] > git rev-parse --show-toplevel [44ms]
2022-11-14 05:43:21.666 [info] > git for-each-ref --format=%(refname)%00%(upstream:short)%00%(objectname)%00%(upstream:track)%00%(upstream:remotename)%00%(upstream:remoteref) refs/heads/master refs/remotes/master [43ms]
2022-11-14 05:43:21.753 [info] > git rev-parse --show-toplevel [97ms]
2022-11-14 05:43:21.769 [info] > git for-each-ref --format=%(refname)%00%(upstream:short)%00%(objectname)%00%(upstream:track)%00%(upstream:remotename)%00%(upstream:remoteref) refs/heads/master refs/remotes/master [130ms]
2022-11-14 05:43:21.848 [info] > git status -z -uall [118ms]
2022-11-14 05:43:21.861 [info] > git config --get commit.template [105ms]
2022-11-14 05:43:21.866 [info] > git for-each-ref --sort -committerdate --format %(refname) %(objectname) %(*objectname) [159ms]
2022-11-14 05:43:21.872 [info] > git remote --verbose [158ms]
2022-11-14 05:43:21.937 [info] > git rev-parse --show-toplevel [165ms]
2022-11-14 05:43:21.995 [info] > git rev-parse --show-toplevel [27ms]
2022-11-14 05:43:22.038 [info] > git for-each-ref --format=%(refname)%00%(upstream:short)%00%(objectname)%00%(upstream:track)%00%(upstream:remotename)%00%(upstream:remoteref) refs/heads/master refs/remotes/master [58ms]
2022-11-14 05:43:22.118 [info] > git rev-parse --show-toplevel [93ms]
2022-11-14 05:43:22.133 [info] > git check-ignore -v -z --stdin [44ms]
2022-11-14 05:43:22.141 [info] > git check-ignore -v -z --stdin [37ms]
2022-11-14 05:43:22.161 [info] > git rev-parse --show-toplevel [27ms]
2022-11-14 05:43:22.198 [info] > git rev-parse --show-toplevel [25ms]
2022-11-14 05:43:22.240 [info] > git rev-parse --show-toplevel [24ms]
2022-11-14 05:43:22.277 [info] > git rev-parse --show-toplevel [23ms]
2022-11-14 05:43:22.320 [info] > git rev-parse --show-toplevel [28ms]
2022-11-14 05:43:22.363 [info] > git rev-parse --show-toplevel [27ms]
2022-11-14 05:43:22.406 [info] > git rev-parse --show-toplevel [25ms]
2022-11-14 05:43:22.454 [info] > git rev-parse --show-toplevel [26ms]
2022-11-14 05:43:22.496 [info] > git rev-parse --show-toplevel [26ms]
2022-11-14 05:43:49.325 [info] > git check-ignore -v -z --stdin [34ms]
2022-11-14 05:43:49.918 [info] > git for-each-ref --sort -committerdate --format %(refname) %(objectname) %(*objectname) [61ms]
2022-11-14 05:43:49.922 [info] > git remote --verbose [64ms]
2022-11-14 05:43:49.927 [info] > git config --get commit.template [28ms]
2022-11-14 05:43:49.946 [info] > git status -z -uall [75ms]
2022-11-14 05:43:49.986 [info] > git for-each-ref --format=%(refname)%00%(upstream:short)%00%(objectname)%00%(upstream:track)%00%(upstream:remotename)%00%(upstream:remoteref) refs/heads/master refs/remotes/master [39ms]
2022-11-14 05:44:20.503 [info] > git check-ignore -v -z --stdin [572ms]
2022-11-14 05:44:20.509 [info] > git status -z -uall [240ms]
2022-11-14 05:44:20.509 [info] > git show --textconv :singly_linked_lists/lists.h [112ms]
2022-11-14 05:44:20.525 [info] > git remote --verbose [275ms]
2022-11-14 05:44:20.529 [info] > git for-each-ref --sort -committerdate --format %(refname) %(objectname) %(*objectname) [323ms]
2022-11-14 05:44:20.550 [info] > git config --get commit.template [53ms]
2022-11-14 05:44:20.552 [info] > git ls-files --stage -- /root/holbertonschool-low_level_programming/holbertonschool-low_level_programming/singly_linked_lists/lists.h [138ms]
2022-11-14 05:44:21.174 [info] > git for-each-ref --format=%(refname)%00%(upstream:short)%00%(objectname)%00%(upstream:track)%00%(upstream:remotename)%00%(upstream:remoteref) refs/heads/master refs/remotes/master [481ms]
2022-11-14 05:49:12.549 [info] > git check-ignore -v -z --stdin [141ms]
2022-11-14 05:49:12.671 [info] > git show --textconv :singly_linked_lists/README.md [143ms]
2022-11-14 05:49:12.749 [info] > git remote --verbose [69ms]
2022-11-14 05:49:12.814 [info] > git for-each-ref --sort -committerdate --format %(refname) %(objectname) %(*objectname) [201ms]
2022-11-14 05:49:12.851 [info] > git ls-files --stage -- /root/holbertonschool-low_level_programming/holbertonschool-low_level_programming/singly_linked_lists/README.md [297ms]
2022-11-14 05:49:13.112 [info] > git status -z -uall [475ms]
2022-11-14 05:49:13.134 [info] > git config --get commit.template [458ms]
2022-11-14 05:49:13.454 [info] > git for-each-ref --format=%(refname)%00%(upstream:short)%00%(objectname)%00%(upstream:track)%00%(upstream:remotename)%00%(upstream:remoteref) refs/heads/master refs/remotes/master [80ms]
2022-11-14 05:50:05.426 [info] > git status -z -uall [86ms]
2022-11-14 05:50:05.493 [info] > git remote --verbose [126ms]
2022-11-14 05:50:05.668 [info] > git config --get commit.template [283ms]
2022-11-14 05:50:05.678 [info] > git for-each-ref --sort -committerdate --format %(refname) %(objectname) %(*objectname) [394ms]
2022-11-14 05:50:05.839 [info] > git show --textconv :singly_linked_lists/lists.h [90ms]
2022-11-14 05:50:05.865 [info] > git for-each-ref --format=%(refname)%00%(upstream:short)%00%(objectname)%00%(upstream:track)%00%(upstream:remotename)%00%(upstream:remoteref) refs/heads/master refs/remotes/master [140ms]
2022-11-14 05:50:06.081 [info] > git ls-files --stage -- /root/holbertonschool-low_level_programming/holbertonschool-low_level_programming/singly_linked_lists/lists.h [313ms]
2022-11-14 05:50:11.131 [info] > git for-each-ref --sort -committerdate --format %(refname) %(objectname) %(*objectname) [58ms]
2022-11-14 05:50:11.133 [info] > git remote --verbose [65ms]
2022-11-14 05:50:11.141 [info] > git config --get commit.template [32ms]
2022-11-14 05:50:11.159 [info] > git status -z -uall [76ms]
2022-11-14 05:50:11.200 [info] > git for-each-ref --format=%(refname)%00%(upstream:short)%00%(objectname)%00%(upstream:track)%00%(upstream:remotename)%00%(upstream:remoteref) refs/heads/master refs/remotes/master [41ms]
2022-11-14 05:50:36.154 [info] > git show --textconv :singly_linked_lists/lists.h [43ms]
2022-11-14 05:50:36.198 [info] > git ls-files --stage -- /root/holbertonschool-low_level_programming/holbertonschool-low_level_programming/singly_linked_lists/lists.h [49ms]
2022-11-14 05:51:21.493 [info] > git show --textconv :singly_linked_lists/0-print_list.c [42ms]
2022-11-14 05:51:21.528 [info] > git ls-files --stage -- /root/holbertonschool-low_level_programming/holbertonschool-low_level_programming/singly_linked_lists/0-print_list.c [43ms]
2022-11-14 05:51:21.743 [info] > git check-ignore -v -z --stdin [39ms]
2022-11-14 05:51:22.326 [info] > git for-each-ref --sort -committerdate --format %(refname) %(objectname) %(*objectname) [64ms]
2022-11-14 05:51:22.328 [info] > git remote --verbose [53ms]
2022-11-14 05:51:22.354 [info] > git status -z -uall [63ms]
2022-11-14 05:51:22.358 [info] > git config --get commit.template [38ms]
2022-11-14 05:51:22.390 [info] > git for-each-ref --format=%(refname)%00%(upstream:short)%00%(objectname)%00%(upstream:track)%00%(upstream:remotename)%00%(upstream:remoteref) refs/heads/master refs/remotes/master [39ms]
2022-11-14 05:52:26.645 [info] > git show --textconv :singly_linked_lists/lists.h [38ms]
2022-11-14 05:52:26.694 [info] > git ls-files --stage -- /root/holbertonschool-low_level_programming/holbertonschool-low_level_programming/singly_linked_lists/lists.h [35ms]
2022-11-14 05:53:50.868 [info] > git show --textconv :singly_linked_lists/_putchar.c [33ms]
2022-11-14 05:53:50.916 [info] > git ls-files --stage -- /root/holbertonschool-low_level_programming/holbertonschool-low_level_programming/singly_linked_lists/_putchar.c [46ms]
2022-11-14 05:53:51.158 [info] > git check-ignore -v -z --stdin [34ms]
2022-11-14 05:53:51.796 [info] > git remote --verbose [48ms]
2022-11-14 05:53:51.799 [info] > git for-each-ref --sort -committerdate --format %(refname) %(objectname) %(*objectname) [73ms]
2022-11-14 05:53:51.879 [info] > git config --get commit.template [42ms]
2022-11-14 05:53:51.899 [info] > git status -z -uall [136ms]
2022-11-14 05:53:51.926 [info] > git for-each-ref --format=%(refname)%00%(upstream:short)%00%(objectname)%00%(upstream:track)%00%(upstream:remotename)%00%(upstream:remoteref) refs/heads/master refs/remotes/master [83ms]
2022-11-14 05:54:25.962 [info] > git remote --verbose [43ms]
2022-11-14 05:54:25.965 [info] > git for-each-ref --sort -committerdate --format %(refname) %(objectname) %(*objectname) [73ms]
2022-11-14 05:54:25.974 [info] > git config --get commit.template [29ms]
2022-11-14 05:54:25.991 [info] > git status -z -uall [74ms]
2022-11-14 05:54:26.031 [info] > git for-each-ref --format=%(refname)%00%(upstream:short)%00%(objectname)%00%(upstream:track)%00%(upstream:remotename)%00%(upstream:remoteref) refs/heads/master refs/remotes/master [40ms]
2022-11-14 05:54:26.744 [info] > git show --textconv :singly_linked_lists/lists.h [38ms]
2022-11-14 05:54:26.758 [info] > git ls-files --stage -- /root/holbertonschool-low_level_programming/holbertonschool-low_level_programming/singly_linked_lists/lists.h [31ms]
2022-11-14 05:54:31.156 [info] > git for-each-ref --sort -committerdate --format %(refname) %(objectname) %(*objectname) [58ms]
2022-11-14 05:54:31.158 [info] > git remote --verbose [43ms]
2022-11-14 05:54:31.187 [info] > git config --get commit.template [30ms]
2022-11-14 05:54:31.201 [info] > git status -z -uall [70ms]
2022-11-14 05:54:31.222 [info] > git for-each-ref --format=%(refname)%00%(upstream:short)%00%(objectname)%00%(upstream:track)%00%(upstream:remotename)%00%(upstream:remoteref) refs/heads/master refs/remotes/master [44ms]
2022-11-14 05:54:31.628 [info] > git show --textconv :singly_linked_lists/0-print_list.c [40ms]
2022-11-14 05:54:31.640 [info] > git ls-files --stage -- /root/holbertonschool-low_level_programming/holbertonschool-low_level_programming/singly_linked_lists/0-print_list.c [30ms]
2022-11-14 05:54:33.977 [info] > git show --textconv :singly_linked_lists/lists.h [36ms]
2022-11-14 05:54:33.988 [info] > git ls-files --stage -- /root/holbertonschool-low_level_programming/holbertonschool-low_level_programming/singly_linked_lists/lists.h [32ms]
2022-11-14 05:54:36.374 [info] > git for-each-ref --sort -committerdate --format %(refname) %(objectname) %(*objectname) [68ms]
2022-11-14 05:54:36.375 [info] > git remote --verbose [57ms]
2022-11-14 05:54:36.381 [info] > git config --get commit.template [30ms]
2022-11-14 05:54:36.398 [info] > git status -z -uall [64ms]
2022-11-14 05:54:36.452 [info] > git for-each-ref --format=%(refname)%00%(upstream:short)%00%(objectname)%00%(upstream:track)%00%(upstream:remotename)%00%(upstream:remoteref) refs/heads/master refs/remotes/master [39ms]
2022-11-14 05:54:56.698 [info] > git remote --verbose [41ms]
2022-11-14 05:54:56.701 [info] > git for-each-ref --sort -committerdate --format %(refname) %(objectname) %(*objectname) [73ms]
2022-11-14 05:54:56.708 [info] > git config --get commit.template [26ms]
2022-11-14 05:54:56.724 [info] > git status -z -uall [66ms]
2022-11-14 05:54:56.767 [info] > git for-each-ref --format=%(refname)%00%(upstream:short)%00%(objectname)%00%(upstream:track)%00%(upstream:remotename)%00%(upstream:remoteref) refs/heads/master refs/remotes/master [43ms]
2022-11-14 05:55:19.365 [info] > git show --textconv :singly_linked_lists/0-print_list.c [53ms]
2022-11-14 05:55:19.412 [info] > git ls-files --stage -- /root/holbertonschool-low_level_programming/holbertonschool-low_level_programming/singly_linked_lists/0-print_list.c [47ms]
2022-11-14 06:05:28.073 [info] > git for-each-ref --sort -committerdate --format %(refname) %(objectname) %(*objectname) [67ms]
2022-11-14 06:05:28.078 [info] > git status -z -uall [61ms]
2022-11-14 06:05:28.085 [info] > git config --get commit.template [31ms]
2022-11-14 06:05:28.087 [info] > git remote --verbose [85ms]
2022-11-14 06:05:28.220 [info] > git for-each-ref --format=%(refname)%00%(upstream:short)%00%(objectname)%00%(upstream:track)%00%(upstream:remotename)%00%(upstream:remoteref) refs/heads/master refs/remotes/master [103ms]
2022-11-14 06:07:43.305 [info] > git add -A -- . [61ms]
2022-11-14 06:07:43.430 [info] > git -c user.useConfigOnly=true commit --quiet --allow-empty-message --file - [102ms]
2022-11-14 06:07:43.539 [info] > git status -z -uall [57ms]
2022-11-14 06:07:43.562 [info] > git remote --verbose [92ms]
2022-11-14 06:07:43.569 [info] > git for-each-ref --sort -committerdate --format %(refname) %(objectname) %(*objectname) [115ms]
2022-11-14 06:07:43.582 [info] > git config --get commit.template [62ms]
2022-11-14 06:07:43.658 [info] > git for-each-ref --format=%(refname)%00%(upstream:short)%00%(objectname)%00%(upstream:track)%00%(upstream:remotename)%00%(upstream:remoteref) refs/heads/master refs/remotes/master [48ms]
2022-11-14 06:07:43.746 [info] > git config --get commit.template [23ms]
2022-11-14 06:07:44.752 [info] > git ls-files --stage -- /root/holbertonschool-low_level_programming/holbertonschool-low_level_programming/singly_linked_lists/0-print_list.c [30ms]
2022-11-14 06:07:44.800 [info] > git cat-file -s aecce66c01ffcc0531124c3f15b71a458dae00ad [31ms]
2022-11-14 06:07:44.866 [info] > git show --textconv :singly_linked_lists/0-print_list.c [41ms]
2022-11-14 06:07:47.678 [info] > git log --oneline --cherry master...master@{upstream} -- [49ms]
2022-11-14 06:07:48.589 [info] > git pull --tags origin master [855ms]
2022-11-14 06:07:48.589 [info] From https://github.com/AsiaGrpr/holbertonschool-low_level_programming
 * branch            master     -> FETCH_HEAD
2022-11-14 06:07:53.366 [info] > git push origin master:master [4746ms]
2022-11-14 06:07:53.367 [info] xcode-select: note: no developer tools were found at '/Applications/Xcode.app', requesting install. Choose an option in the dialog to download the command line developer tools.
xcode-select: note: no developer tools were found at '/Applications/Xcode.app', requesting install. Choose an option in the dialog to download the command line developer tools.
xcode-select: note: no developer tools were found at '/Applications/Xcode.app', requesting install. Choose an option in the dialog to download the command line developer tools.
xcode-select: note: no developer tools were found at '/Applications/Xcode.app', requesting install. Choose an option in the dialog to download the command line developer tools.
To https://github.com/AsiaGrpr/holbertonschool-low_level_programming.git
   169c277..1428c00  master -> master
2022-11-14 06:07:53.451 [info] > git remote --verbose [51ms]
2022-11-14 06:07:53.453 [info] > git for-each-ref --sort -committerdate --format %(refname) %(objectname) %(*objectname) [68ms]
2022-11-14 06:07:53.475 [info] > git status -z -uall [61ms]
2022-11-14 06:07:53.482 [info] > git config --get commit.template [44ms]
2022-11-14 06:07:53.515 [info] > git for-each-ref --format=%(refname)%00%(upstream:short)%00%(objectname)%00%(upstream:track)%00%(upstream:remotename)%00%(upstream:remoteref) refs/heads/master refs/remotes/master [41ms]
2022-11-14 06:08:05.211 [info] > git ls-files --stage -- /root/holbertonschool-low_level_programming/holbertonschool-low_level_programming/singly_linked_lists/0-print_list.c [29ms]
2022-11-14 06:08:05.259 [info] > git cat-file -s aecce66c01ffcc0531124c3f15b71a458dae00ad [32ms]
2022-11-14 06:08:05.323 [info] > git show --textconv :singly_linked_lists/0-print_list.c [40ms]
2022-11-14 06:08:28.607 [info] Close repository: /root/holbertonschool-printf
2022-11-14 06:08:29.293 [info] > git check-ignore -v -z --stdin [27ms]
